<?xml version="1.0" encoding="UTF-8"?>
<!-- Generated by org.testng.reporters.JUnitReportReporter -->
<testsuite ignored="0" hostname="DESKTOP-2PIKAKN" failures="0" tests="1" name="com.leaftaps.testcases.OneMg_CLINDAMYCIN600MG" time="887.273" errors="0" timestamp="24 Sep 2023 15:11:56 GMT" skipped="0">
  <testcase classname="com.leaftaps.testcases.OneMg_CLINDAMYCIN600MG" name="runTests" time="887.273"/>
</testsuite> <!-- com.leaftaps.testcases.OneMg_CLINDAMYCIN600MG -->
