<?xml version="1.0" encoding="UTF-8"?>
<!-- Generated by org.testng.reporters.JUnitReportReporter -->
<testsuite ignored="0" hostname="DESKTOP-2PIKAKN" failures="0" tests="1" name="com.leaftaps.testcases.OneMg_LINEZOLID_600MG300ML" time="550.830" errors="0" timestamp="24 Sep 2023 16:26:38 GMT" skipped="0">
  <testcase classname="com.leaftaps.testcases.OneMg_LINEZOLID_600MG300ML" name="runTests" time="550.830"/>
</testsuite> <!-- com.leaftaps.testcases.OneMg_LINEZOLID_600MG300ML -->
