<?xml version="1.0" encoding="UTF-8"?>
<!-- Generated by org.testng.reporters.JUnitReportReporter -->
<testsuite ignored="0" hostname="DESKTOP-2PIKAKN" failures="0" tests="1" name="com.leaftaps.testcases.OneMg_TIGECYCLINE50MG" time="1985.990" errors="0" timestamp="24 Sep 2023 17:06:29 GMT" skipped="0">
  <testcase classname="com.leaftaps.testcases.OneMg_TIGECYCLINE50MG" name="runTests" time="1985.990"/>
</testsuite> <!-- com.leaftaps.testcases.OneMg_TIGECYCLINE50MG -->
