<?xml version="1.0" encoding="UTF-8"?>
<!-- Generated by org.testng.reporters.JUnitReportReporter -->
<testsuite ignored="0" hostname="DESKTOP-2PIKAKN" failures="0" tests="1" name="com.leaftaps.testcases.OneMg_CEFOPERAZONE1GM_SULBACTUM_500MG" time="22654.818" errors="1" timestamp="24 Sep 2023 14:41:30 GMT" skipped="0">
  <testcase classname="com.leaftaps.testcases.OneMg_CEFOPERAZONE1GM_SULBACTUM_500MG" name="runTests" time="22654.818">
    <error type="java.lang.StackOverflowError">
      <![CDATA[java.lang.StackOverflowError
	at java.base/java.util.regex.Pattern$GroupHead.match(Pattern.java:4855)
	at java.base/java.util.regex.Pattern$Branch.match(Pattern.java:4800)
	at java.base/java.util.regex.Pattern$Branch.match(Pattern.java:4798)
	at java.base/java.util.regex.Pattern$BranchConn.match(Pattern.java:4763)
	at java.base/java.util.regex.Pattern$GroupTail.match(Pattern.java:4886)
	at java.base/java.util.regex.Pattern$BmpCharPropertyGreedy.match(Pattern.java:4394)
	at java.base/java.util.regex.Pattern$GroupHead.match(Pattern.java:4855)
	at java.base/java.util.regex.Pattern$Branch.match(Pattern.java:4800)
	at java.base/java.util.regex.Pattern$Branch.match(Pattern.java:4798)
	at java.base/java.util.regex.Pattern$BmpCharProperty.match(Pattern.java:4020)
	at java.base/java.util.regex.Pattern$Start.match(Pattern.java:3673)
	at java.base/java.util.regex.Matcher.search(Matcher.java:1729)
	at java.base/java.util.regex.Matcher.find(Matcher.java:773)
	at java.base/java.util.Formatter.parse(Formatter.java:2702)
	at java.base/java.util.Formatter.format(Formatter.java:2655)
	at java.base/java.util.Formatter.format(Formatter.java:2609)
	at java.base/java.lang.String.format(String.java:3292)
	at org.openqa.selenium.SharedCapabilitiesMethods.lambda$abbreviate$4(SharedCapabilitiesMethods.java:115)
	at java.base/java.util.stream.ReferencePipeline$3$1.accept(ReferencePipeline.java:195)
	at java.base/java.util.stream.SortedOps$SizedRefSortingSink.end(SortedOps.java:357)
	at java.base/java.util.stream.AbstractPipeline.copyInto(AbstractPipeline.java:485)
	at java.base/java.util.stream.AbstractPipeline.wrapAndCopyInto(AbstractPipeline.java:474)
	at java.base/java.util.stream.ReduceOps$ReduceOp.evaluateSequential(ReduceOps.java:913)
	at java.base/java.util.stream.AbstractPipeline.evaluate(AbstractPipeline.java:234)
	at java.base/java.util.stream.ReferencePipeline.collect(ReferencePipeline.java:578)
	at org.openqa.selenium.SharedCapabilitiesMethods.abbreviate(SharedCapabilitiesMethods.java:117)
	at org.openqa.selenium.SharedCapabilitiesMethods.lambda$abbreviate$4(SharedCapabilitiesMethods.java:116)
	at java.base/java.util.stream.ReferencePipeline$3$1.accept(ReferencePipeline.java:195)
	at java.base/java.util.stream.SortedOps$SizedRefSortingSink.end(SortedOps.java:357)
	at java.base/java.util.stream.AbstractPipeline.copyInto(AbstractPipeline.java:485)
	at java.base/java.util.stream.AbstractPipeline.wrapAndCopyInto(AbstractPipeline.java:474)
	at java.base/java.util.stream.ReduceOps$ReduceOp.evaluateSequential(ReduceOps.java:913)
	at java.base/java.util.stream.AbstractPipeline.evaluate(AbstractPipeline.java:234)
	at java.base/java.util.stream.ReferencePipeline.collect(ReferencePipeline.java:578)
	at org.openqa.selenium.SharedCapabilitiesMethods.abbreviate(SharedCapabilitiesMethods.java:117)
	at org.openqa.selenium.SharedCapabilitiesMethods.toString(SharedCapabilitiesMethods.java:84)
	at org.openqa.selenium.ImmutableCapabilities.toString(ImmutableCapabilities.java:184)
	at org.openqa.selenium.remote.RemoteWebDriver.populateWebDriverException(RemoteWebDriver.java:670)
	at org.openqa.selenium.remote.RemoteWebDriver.execute(RemoteWebDriver.java:657)
	at org.openqa.selenium.remote.RemoteWebDriver.execute(RemoteWebDriver.java:675)
	at org.openqa.selenium.remote.RemoteWebDriver.execute(RemoteWebDriver.java:679)
	at org.openqa.selenium.remote.RemoteWebDriver.getScreenshotAs(RemoteWebDriver.java:325)
	at com.framework.selenium.api.base.SeleniumBase.takeSnap(SeleniumBase.java:963)
	at com.framework.utils.ExtentReporter.reportStep(ExtentReporter.java:85)
	at com.framework.utils.ExtentReporter.reportStep(ExtentReporter.java:118)
	at com.framework.selenium.api.base.SeleniumBase.takeSnap(SeleniumBase.java:966)
	at com.framework.utils.ExtentReporter.reportStep(ExtentReporter.java:85)
	at com.framework.utils.ExtentReporter.reportStep(ExtentReporter.java:118)
	at com.framework.selenium.api.base.SeleniumBase.takeSnap(SeleniumBase.java:966)
	at com.framework.utils.ExtentReporter.reportStep(ExtentReporter.java:85)
	at com.framework.utils.ExtentReporter.reportStep(ExtentReporter.java:118)
	at com.framework.selenium.api.base.SeleniumBase.takeSnap(SeleniumBase.java:966)
	at com.framework.utils.ExtentReporter.reportStep(ExtentReporter.java:85)
	at com.framework.utils.ExtentReporter.reportStep(ExtentReporter.java:118)
	at com.framework.selenium.api.base.SeleniumBase.takeSnap(SeleniumBase.java:966)
	at com.framework.utils.ExtentReporter.reportStep(ExtentReporter.java:85)
	at com.framework.utils.ExtentReporter.reportStep(ExtentReporter.java:118)
	at com.framework.selenium.api.base.SeleniumBase.takeSnap(SeleniumBase.java:966)
	at com.framework.utils.ExtentReporter.reportStep(ExtentReporter.java:85)
	at com.framework.utils.ExtentReporter.reportStep(ExtentReporter.java:118)
	at com.framework.selenium.api.base.SeleniumBase.takeSnap(SeleniumBase.java:966)
	at com.framework.utils.ExtentReporter.reportStep(ExtentReporter.java:85)
	at com.framework.utils.ExtentReporter.reportStep(ExtentReporter.java:118)
	at com.framework.selenium.api.base.SeleniumBase.takeSnap(SeleniumBase.java:966)
	at com.framework.utils.ExtentReporter.reportStep(ExtentReporter.java:85)
	at com.framework.utils.ExtentReporter.reportStep(ExtentReporter.java:118)
	at com.framework.selenium.api.base.SeleniumBase.takeSnap(SeleniumBase.java:966)
	at com.framework.utils.ExtentReporter.reportStep(ExtentReporter.java:85)
	at com.framework.utils.ExtentReporter.reportStep(ExtentReporter.java:118)
	at com.framework.selenium.api.base.SeleniumBase.takeSnap(SeleniumBase.java:966)
	at com.framework.utils.ExtentReporter.reportStep(ExtentReporter.java:85)
	at com.framework.utils.ExtentReporter.reportStep(ExtentReporter.java:118)
	at com.framework.selenium.api.base.SeleniumBase.takeSnap(SeleniumBase.java:966)
	at com.framework.utils.ExtentReporter.reportStep(ExtentReporter.java:85)
	at com.framework.utils.ExtentReporter.reportStep(ExtentReporter.java:118)
	at com.framework.selenium.api.base.SeleniumBase.takeSnap(SeleniumBase.java:966)
	at com.framework.utils.ExtentReporter.reportStep(ExtentReporter.java:85)
	at com.framework.utils.ExtentReporter.reportStep(ExtentReporter.java:118)
	at com.framework.selenium.api.base.SeleniumBase.takeSnap(SeleniumBase.java:966)
	at com.framework.utils.ExtentReporter.reportStep(ExtentReporter.java:85)
	at com.framework.utils.ExtentReporter.reportStep(ExtentReporter.java:118)
	at com.framework.selenium.api.base.SeleniumBase.takeSnap(SeleniumBase.java:966)
	at com.framework.utils.ExtentReporter.reportStep(ExtentReporter.java:85)
	at com.framework.utils.ExtentReporter.reportStep(ExtentReporter.java:118)
	at com.framework.selenium.api.base.SeleniumBase.takeSnap(SeleniumBase.java:966)
	at com.framework.utils.ExtentReporter.reportStep(ExtentReporter.java:85)
	at com.framework.utils.ExtentReporter.reportStep(ExtentReporter.java:118)
	at com.framework.selenium.api.base.SeleniumBase.takeSnap(SeleniumBase.java:966)
	at com.framework.utils.ExtentReporter.reportStep(ExtentReporter.java:85)
	at com.framework.utils.ExtentReporter.reportStep(ExtentReporter.java:118)
	at com.framework.selenium.api.base.SeleniumBase.takeSnap(SeleniumBase.java:966)
	at com.framework.utils.ExtentReporter.reportStep(ExtentReporter.java:85)
	at com.framework.utils.ExtentReporter.reportStep(ExtentReporter.java:118)
	at com.framework.selenium.api.base.SeleniumBase.takeSnap(SeleniumBase.java:966)
	at com.framework.utils.ExtentReporter.reportStep(ExtentReporter.java:85)
	at com.framework.utils.ExtentReporter.reportStep(ExtentReporter.java:118)
	at com.framework.selenium.api.base.SeleniumBase.takeSnap(SeleniumBase.java:966)
	at com.framework.utils.ExtentReporter.reportStep(ExtentReporter.java:85)
	at com.framework.utils.ExtentReporter.reportStep(ExtentReporter.java:118)
	at com.framework.selenium.api.base.SeleniumBase.takeSnap(SeleniumBase.java:966)
	at com.framework.utils.ExtentReporter.reportStep(ExtentReporter.java:85)
	at com.framework.utils.ExtentReporter.reportStep(ExtentReporter.java:118)
	at com.framework.selenium.api.base.SeleniumBase.takeSnap(SeleniumBase.java:966)
	at com.framework.utils.ExtentReporter.reportStep(ExtentReporter.java:85)
	at com.framework.utils.ExtentReporter.reportStep(ExtentReporter.java:118)
	at com.framework.selenium.api.base.SeleniumBase.takeSnap(SeleniumBase.java:966)
	at com.framework.utils.ExtentReporter.reportStep(ExtentReporter.java:85)
	at com.framework.utils.ExtentReporter.reportStep(ExtentReporter.java:118)
	at com.framework.selenium.api.base.SeleniumBase.takeSnap(SeleniumBase.java:966)
	at com.framework.utils.ExtentReporter.reportStep(ExtentReporter.java:85)
	at com.framework.utils.ExtentReporter.reportStep(ExtentReporter.java:118)
	at com.framework.selenium.api.base.SeleniumBase.takeSnap(SeleniumBase.java:966)
	at com.framework.utils.ExtentReporter.reportStep(ExtentReporter.java:85)
	at com.framework.utils.ExtentReporter.reportStep(ExtentReporter.java:118)
	at com.framework.selenium.api.base.SeleniumBase.takeSnap(SeleniumBase.java:966)
	at com.framework.utils.ExtentReporter.reportStep(ExtentReporter.java:85)
	at com.framework.utils.ExtentReporter.reportStep(ExtentReporter.java:118)
	at com.framework.selenium.api.base.SeleniumBase.takeSnap(SeleniumBase.java:966)
	at com.framework.utils.ExtentReporter.reportStep(ExtentReporter.java:85)
	at com.framework.utils.ExtentReporter.reportStep(ExtentReporter.java:118)
	at com.framework.selenium.api.base.SeleniumBase.takeSnap(SeleniumBase.java:966)
	at com.framework.utils.ExtentReporter.reportStep(ExtentReporter.java:85)
	at com.framework.utils.ExtentReporter.reportStep(ExtentReporter.java:118)
	at com.framework.selenium.api.base.SeleniumBase.takeSnap(SeleniumBase.java:966)
	at com.framework.utils.ExtentReporter.reportStep(ExtentReporter.java:85)
	at com.framework.utils.ExtentReporter.reportStep(ExtentReporter.java:118)
	at com.framework.selenium.api.base.SeleniumBase.takeSnap(SeleniumBase.java:966)
	at com.framework.utils.ExtentReporter.reportStep(ExtentReporter.java:85)
	at com.framework.utils.ExtentReporter.reportStep(ExtentReporter.java:118)
	at com.framework.selenium.api.base.SeleniumBase.takeSnap(SeleniumBase.java:966)
	at com.framework.utils.ExtentReporter.reportStep(ExtentReporter.java:85)
	at com.framework.utils.ExtentReporter.reportStep(ExtentReporter.java:118)
	at com.framework.selenium.api.base.SeleniumBase.takeSnap(SeleniumBase.java:966)
	at com.framework.utils.ExtentReporter.reportStep(ExtentReporter.java:85)
	at com.framework.utils.ExtentReporter.reportStep(ExtentReporter.java:118)
	at com.framework.selenium.api.base.SeleniumBase.takeSnap(SeleniumBase.java:966)
	at com.framework.utils.ExtentReporter.reportStep(ExtentReporter.java:85)
	at com.framework.utils.ExtentReporter.reportStep(ExtentReporter.java:118)
	at com.framework.selenium.api.base.SeleniumBase.takeSnap(SeleniumBase.java:966)
	at com.framework.utils.ExtentReporter.reportStep(ExtentReporter.java:85)
	at com.framework.utils.ExtentReporter.reportStep(ExtentReporter.java:118)
	at com.framework.selenium.api.base.SeleniumBase.takeSnap(SeleniumBase.java:966)
	at com.framework.utils.ExtentReporter.reportStep(ExtentReporter.java:85)
	at com.framework.utils.ExtentReporter.reportStep(ExtentReporter.java:118)
	at com.framework.selenium.api.base.SeleniumBase.takeSnap(SeleniumBase.java:966)
	at com.framework.utils.ExtentReporter.reportStep(ExtentReporter.java:85)
	at com.framework.utils.ExtentReporter.reportStep(ExtentReporter.java:118)
	at com.framework.selenium.api.base.SeleniumBase.takeSnap(SeleniumBase.java:966)
	at com.framework.utils.ExtentReporter.reportStep(ExtentReporter.java:85)
	at com.framework.utils.ExtentReporter.reportStep(ExtentReporter.java:118)
	at com.framework.selenium.api.base.SeleniumBase.takeSnap(SeleniumBase.java:966)
	at com.framework.utils.ExtentReporter.reportStep(ExtentReporter.java:85)
	at com.framework.utils.ExtentReporter.reportStep(ExtentReporter.java:118)
	at com.framework.selenium.api.base.SeleniumBase.takeSnap(SeleniumBase.java:966)
	at com.framework.utils.ExtentReporter.reportStep(ExtentReporter.java:85)
	at com.framework.utils.ExtentReporter.reportStep(ExtentReporter.java:118)
	at com.framework.selenium.api.base.SeleniumBase.takeSnap(SeleniumBase.java:966)
	at com.framework.utils.ExtentReporter.reportStep(ExtentReporter.java:85)
	at com.framework.utils.ExtentReporter.reportStep(ExtentReporter.java:118)
	at com.framework.selenium.api.base.SeleniumBase.takeSnap(SeleniumBase.java:966)
	at com.framework.utils.ExtentReporter.reportStep(ExtentReporter.java:85)
	at com.framework.utils.ExtentReporter.reportStep(ExtentReporter.java:118)
	at com.framework.selenium.api.base.SeleniumBase.takeSnap(SeleniumBase.java:966)
	at com.framework.utils.ExtentReporter.reportStep(ExtentReporter.java:85)
	at com.framework.utils.ExtentReporter.reportStep(ExtentReporter.java:118)
	at com.framework.selenium.api.base.SeleniumBase.takeSnap(SeleniumBase.java:966)
	at com.framework.utils.ExtentReporter.reportStep(ExtentReporter.java:85)
	at com.framework.utils.ExtentReporter.reportStep(ExtentReporter.java:118)
	at com.framework.selenium.api.base.SeleniumBase.takeSnap(SeleniumBase.java:966)
	at com.framework.utils.ExtentReporter.reportStep(ExtentReporter.java:85)
	at com.framework.utils.ExtentReporter.reportStep(ExtentReporter.java:118)
	at com.framework.selenium.api.base.SeleniumBase.takeSnap(SeleniumBase.java:966)
	at com.framework.utils.ExtentReporter.reportStep(ExtentReporter.java:85)
	at com.framework.utils.ExtentReporter.reportStep(ExtentReporter.java:118)
	at com.framework.selenium.api.base.SeleniumBase.takeSnap(SeleniumBase.java:966)
	at com.framework.utils.ExtentReporter.reportStep(ExtentReporter.java:85)
	at com.framework.utils.ExtentReporter.reportStep(ExtentReporter.java:118)
	at com.framework.selenium.api.base.SeleniumBase.takeSnap(SeleniumBase.java:966)
	at com.framework.utils.ExtentReporter.reportStep(ExtentReporter.java:85)
	at com.framework.utils.ExtentReporter.reportStep(ExtentReporter.java:118)
	at com.framework.selenium.api.base.SeleniumBase.takeSnap(SeleniumBase.java:966)
	at com.framework.utils.ExtentReporter.reportStep(ExtentReporter.java:85)
	at com.framework.utils.ExtentReporter.reportStep(ExtentReporter.java:118)
	at com.framework.selenium.api.base.SeleniumBase.takeSnap(SeleniumBase.java:966)
	at com.framework.utils.ExtentReporter.reportStep(ExtentReporter.java:85)
	at com.framework.utils.ExtentReporter.reportStep(ExtentReporter.java:118)
	at com.framework.selenium.api.base.SeleniumBase.takeSnap(SeleniumBase.java:966)
	at com.framework.utils.ExtentReporter.reportStep(ExtentReporter.java:85)
	at com.framework.utils.ExtentReporter.reportStep(ExtentReporter.java:118)
	at com.framework.selenium.api.base.SeleniumBase.takeSnap(SeleniumBase.java:966)
	at com.framework.utils.ExtentReporter.reportStep(ExtentReporter.java:85)
	at com.framework.utils.ExtentReporter.reportStep(ExtentReporter.java:118)
	at com.framework.selenium.api.base.SeleniumBase.takeSnap(SeleniumBase.java:966)
	at com.framework.utils.ExtentReporter.reportStep(ExtentReporter.java:85)
	at com.framework.utils.ExtentReporter.reportStep(ExtentReporter.java:118)
	at com.framework.selenium.api.base.SeleniumBase.takeSnap(SeleniumBase.java:966)
	at com.framework.utils.ExtentReporter.reportStep(ExtentReporter.java:85)
	at com.framework.utils.ExtentReporter.reportStep(ExtentReporter.java:118)
	at com.framework.selenium.api.base.SeleniumBase.takeSnap(SeleniumBase.java:966)
	at com.framework.utils.ExtentReporter.reportStep(ExtentReporter.java:85)
	at com.framework.utils.ExtentReporter.reportStep(ExtentReporter.java:118)
	at com.framework.selenium.api.base.SeleniumBase.takeSnap(SeleniumBase.java:966)
	at com.framework.utils.ExtentReporter.reportStep(ExtentReporter.java:85)
	at com.framework.utils.ExtentReporter.reportStep(ExtentReporter.java:118)
	at com.framework.selenium.api.base.SeleniumBase.takeSnap(SeleniumBase.java:966)
	at com.framework.utils.ExtentReporter.reportStep(ExtentReporter.java:85)
	at com.framework.utils.ExtentReporter.reportStep(ExtentReporter.java:118)
	at com.framework.selenium.api.base.SeleniumBase.takeSnap(SeleniumBase.java:966)
	at com.framework.utils.ExtentReporter.reportStep(ExtentReporter.java:85)
	at com.framework.utils.ExtentReporter.reportStep(ExtentReporter.java:118)
	at com.framework.selenium.api.base.SeleniumBase.takeSnap(SeleniumBase.java:966)
	at com.framework.utils.ExtentReporter.reportStep(ExtentReporter.java:85)
	at com.framework.utils.ExtentReporter.reportStep(ExtentReporter.java:118)
	at com.framework.selenium.api.base.SeleniumBase.takeSnap(SeleniumBase.java:966)
	at com.framework.utils.ExtentReporter.reportStep(ExtentReporter.java:85)
	at com.framework.utils.ExtentReporter.reportStep(ExtentReporter.java:118)
	at com.framework.selenium.api.base.SeleniumBase.takeSnap(SeleniumBase.java:966)
	at com.framework.utils.ExtentReporter.reportStep(ExtentReporter.java:85)
	at com.framework.utils.ExtentReporter.reportStep(ExtentReporter.java:118)
	at com.framework.selenium.api.base.SeleniumBase.takeSnap(SeleniumBase.java:966)
	at com.framework.utils.ExtentReporter.reportStep(ExtentReporter.java:85)
	at com.framework.utils.ExtentReporter.reportStep(ExtentReporter.java:118)
	at com.framework.selenium.api.base.SeleniumBase.takeSnap(SeleniumBase.java:966)
	at com.framework.utils.ExtentReporter.reportStep(ExtentReporter.java:85)
	at com.framework.utils.ExtentReporter.reportStep(ExtentReporter.java:118)
	at com.framework.selenium.api.base.SeleniumBase.takeSnap(SeleniumBase.java:966)
	at com.framework.utils.ExtentReporter.reportStep(ExtentReporter.java:85)
	at com.framework.utils.ExtentReporter.reportStep(ExtentReporter.java:118)
	at com.framework.selenium.api.base.SeleniumBase.takeSnap(SeleniumBase.java:966)
	at com.framework.utils.ExtentReporter.reportStep(ExtentReporter.java:85)
	at com.framework.utils.ExtentReporter.reportStep(ExtentReporter.java:118)
	at com.framework.selenium.api.base.SeleniumBase.takeSnap(SeleniumBase.java:966)
	at com.framework.utils.ExtentReporter.reportStep(ExtentReporter.java:85)
	at com.framework.utils.ExtentReporter.reportStep(ExtentReporter.java:118)
	at com.framework.selenium.api.base.SeleniumBase.takeSnap(SeleniumBase.java:966)
	at com.framework.utils.ExtentReporter.reportStep(ExtentReporter.java:85)
	at com.framework.utils.ExtentReporter.reportStep(ExtentReporter.java:118)
	at com.framework.selenium.api.base.SeleniumBase.takeSnap(SeleniumBase.java:966)
	at com.framework.utils.ExtentReporter.reportStep(ExtentReporter.java:85)
	at com.framework.utils.ExtentReporter.reportStep(ExtentReporter.java:118)
	at com.framework.selenium.api.base.SeleniumBase.takeSnap(SeleniumBase.java:966)
	at com.framework.utils.ExtentReporter.reportStep(ExtentReporter.java:85)
	at com.framework.utils.ExtentReporter.reportStep(ExtentReporter.java:118)
	at com.framework.selenium.api.base.SeleniumBase.takeSnap(SeleniumBase.java:966)
	at com.framework.utils.ExtentReporter.reportStep(ExtentReporter.java:85)
	at com.framework.utils.ExtentReporter.reportStep(ExtentReporter.java:118)
	at com.framework.selenium.api.base.SeleniumBase.takeSnap(SeleniumBase.java:966)
	at com.framework.utils.ExtentReporter.reportStep(ExtentReporter.java:85)
	at com.framework.utils.ExtentReporter.reportStep(ExtentReporter.java:118)
	at com.framework.selenium.api.base.SeleniumBase.takeSnap(SeleniumBase.java:966)
	at com.framework.utils.ExtentReporter.reportStep(ExtentReporter.java:85)
	at com.framework.utils.ExtentReporter.reportStep(ExtentReporter.java:118)
	at com.framework.selenium.api.base.SeleniumBase.takeSnap(SeleniumBase.java:966)
	at com.framework.utils.ExtentReporter.reportStep(ExtentReporter.java:85)
	at com.framework.utils.ExtentReporter.reportStep(ExtentReporter.java:118)
	at com.framework.selenium.api.base.SeleniumBase.takeSnap(SeleniumBase.java:966)
	at com.framework.utils.ExtentReporter.reportStep(ExtentReporter.java:85)
	at com.framework.utils.ExtentReporter.reportStep(ExtentReporter.java:118)
	at com.framework.selenium.api.base.SeleniumBase.takeSnap(SeleniumBase.java:966)
	at com.framework.utils.ExtentReporter.reportStep(ExtentReporter.java:85)
	at com.framework.utils.ExtentReporter.reportStep(ExtentReporter.java:118)
	at com.framework.selenium.api.base.SeleniumBase.takeSnap(SeleniumBase.java:966)
	at com.framework.utils.ExtentReporter.reportStep(ExtentReporter.java:85)
	at com.framework.utils.ExtentReporter.reportStep(ExtentReporter.java:118)
	at com.framework.selenium.api.base.SeleniumBase.takeSnap(SeleniumBase.java:966)
	at com.framework.utils.ExtentReporter.reportStep(ExtentReporter.java:85)
	at com.framework.utils.ExtentReporter.reportStep(ExtentReporter.java:118)
	at com.framework.selenium.api.base.SeleniumBase.takeSnap(SeleniumBase.java:966)
	at com.framework.utils.ExtentReporter.reportStep(ExtentReporter.java:85)
	at com.framework.utils.ExtentReporter.reportStep(ExtentReporter.java:118)
	at com.framework.selenium.api.base.SeleniumBase.takeSnap(SeleniumBase.java:966)
	at com.framework.utils.ExtentReporter.reportStep(ExtentReporter.java:85)
	at com.framework.utils.ExtentReporter.reportStep(ExtentReporter.java:118)
	at com.framework.selenium.api.base.SeleniumBase.takeSnap(SeleniumBase.java:966)
	at com.framework.utils.ExtentReporter.reportStep(ExtentReporter.java:85)
	at com.framework.utils.ExtentReporter.reportStep(ExtentReporter.java:118)
	at com.framework.selenium.api.base.SeleniumBase.takeSnap(SeleniumBase.java:966)
	at com.framework.utils.ExtentReporter.reportStep(ExtentReporter.java:85)
	at com.framework.utils.ExtentReporter.reportStep(ExtentReporter.java:118)
	at com.framework.selenium.api.base.SeleniumBase.takeSnap(SeleniumBase.java:966)
	at com.framework.utils.ExtentReporter.reportStep(ExtentReporter.java:85)
	at com.framework.utils.ExtentReporter.reportStep(ExtentReporter.java:118)
	at com.framework.selenium.api.base.SeleniumBase.takeSnap(SeleniumBase.java:966)
	at com.framework.utils.ExtentReporter.reportStep(ExtentReporter.java:85)
	at com.framework.utils.ExtentReporter.reportStep(ExtentReporter.java:118)
	at com.framework.selenium.api.base.SeleniumBase.takeSnap(SeleniumBase.java:966)
	at com.framework.utils.ExtentReporter.reportStep(ExtentReporter.java:85)
	at com.framework.utils.ExtentReporter.reportStep(ExtentReporter.java:118)
	at com.framework.selenium.api.base.SeleniumBase.takeSnap(SeleniumBase.java:966)
	at com.framework.utils.ExtentReporter.reportStep(ExtentReporter.java:85)
	at com.framework.utils.ExtentReporter.reportStep(ExtentReporter.java:118)
	at com.framework.selenium.api.base.SeleniumBase.takeSnap(SeleniumBase.java:966)
	at com.framework.utils.ExtentReporter.reportStep(ExtentReporter.java:85)
	at com.framework.utils.ExtentReporter.reportStep(ExtentReporter.java:118)
	at com.framework.selenium.api.base.SeleniumBase.takeSnap(SeleniumBase.java:966)
	at com.framework.utils.ExtentReporter.reportStep(ExtentReporter.java:85)
	at com.framework.utils.ExtentReporter.reportStep(ExtentReporter.java:118)
	at com.framework.selenium.api.base.SeleniumBase.takeSnap(SeleniumBase.java:966)
	at com.framework.utils.ExtentReporter.reportStep(ExtentReporter.java:85)
	at com.framework.utils.ExtentReporter.reportStep(ExtentReporter.java:118)
	at com.framework.selenium.api.base.SeleniumBase.takeSnap(SeleniumBase.java:966)
	at com.framework.utils.ExtentReporter.reportStep(ExtentReporter.java:85)
	at com.framework.utils.ExtentReporter.reportStep(ExtentReporter.java:118)
	at com.framework.selenium.api.base.SeleniumBase.takeSnap(SeleniumBase.java:966)
	at com.framework.utils.ExtentReporter.reportStep(ExtentReporter.java:85)
	at com.framework.utils.ExtentReporter.reportStep(ExtentReporter.java:118)
	at com.framework.selenium.api.base.SeleniumBase.takeSnap(SeleniumBase.java:966)
	at com.framework.utils.ExtentReporter.reportStep(ExtentReporter.java:85)
	at com.framework.utils.ExtentReporter.reportStep(ExtentReporter.java:118)
	at com.framework.selenium.api.base.SeleniumBase.takeSnap(SeleniumBase.java:966)
	at com.framework.utils.ExtentReporter.reportStep(ExtentReporter.java:85)
	at com.framework.utils.ExtentReporter.reportStep(ExtentReporter.java:118)
	at com.framework.selenium.api.base.SeleniumBase.takeSnap(SeleniumBase.java:966)
	at com.framework.utils.ExtentReporter.reportStep(ExtentReporter.java:85)
	at com.framework.utils.ExtentReporter.reportStep(ExtentReporter.java:118)
	at com.framework.selenium.api.base.SeleniumBase.takeSnap(SeleniumBase.java:966)
	at com.framework.utils.ExtentReporter.reportStep(ExtentReporter.java:85)
	at com.framework.utils.ExtentReporter.reportStep(ExtentReporter.java:118)
	at com.framework.selenium.api.base.SeleniumBase.takeSnap(SeleniumBase.java:966)
	at com.framework.utils.ExtentReporter.reportStep(ExtentReporter.java:85)
	at com.framework.utils.ExtentReporter.reportStep(ExtentReporter.java:118)
	at com.framework.selenium.api.base.SeleniumBase.takeSnap(SeleniumBase.java:966)
	at com.framework.utils.ExtentReporter.reportStep(ExtentReporter.java:85)
	at com.framework.utils.ExtentReporter.reportStep(ExtentReporter.java:118)
	at com.framework.selenium.api.base.SeleniumBase.takeSnap(SeleniumBase.java:966)
	at com.framework.utils.ExtentReporter.reportStep(ExtentReporter.java:85)
	at com.framework.utils.ExtentReporter.reportStep(ExtentReporter.java:118)
	at com.framework.selenium.api.base.SeleniumBase.takeSnap(SeleniumBase.java:966)
	at com.framework.utils.ExtentReporter.reportStep(ExtentReporter.java:85)
	at com.framework.utils.ExtentReporter.reportStep(ExtentReporter.java:118)
	at com.framework.selenium.api.base.SeleniumBase.takeSnap(SeleniumBase.java:966)
	at com.framework.utils.ExtentReporter.reportStep(ExtentReporter.java:85)
	at com.framework.utils.ExtentReporter.reportStep(ExtentReporter.java:118)
	at com.framework.selenium.api.base.SeleniumBase.takeSnap(SeleniumBase.java:966)
	at com.framework.utils.ExtentReporter.reportStep(ExtentReporter.java:85)
	at com.framework.utils.ExtentReporter.reportStep(ExtentReporter.java:118)
	at com.framework.selenium.api.base.SeleniumBase.takeSnap(SeleniumBase.java:966)
	at com.framework.utils.ExtentReporter.reportStep(ExtentReporter.java:85)
	at com.framework.utils.ExtentReporter.reportStep(ExtentReporter.java:118)
	at com.framework.selenium.api.base.SeleniumBase.takeSnap(SeleniumBase.java:966)
	at com.framework.utils.ExtentReporter.reportStep(ExtentReporter.java:85)
	at com.framework.utils.ExtentReporter.reportStep(ExtentReporter.java:118)
	at com.framework.selenium.api.base.SeleniumBase.takeSnap(SeleniumBase.java:966)
	at com.framework.utils.ExtentReporter.reportStep(ExtentReporter.java:85)
	at com.framework.utils.ExtentReporter.reportStep(ExtentReporter.java:118)
	at com.framework.selenium.api.base.SeleniumBase.takeSnap(SeleniumBase.java:966)
	at com.framework.utils.ExtentReporter.reportStep(ExtentReporter.java:85)
	at com.framework.utils.ExtentReporter.reportStep(ExtentReporter.java:118)
	at com.framework.selenium.api.base.SeleniumBase.takeSnap(SeleniumBase.java:966)
	at com.framework.utils.ExtentReporter.reportStep(ExtentReporter.java:85)
	at com.framework.utils.ExtentReporter.reportStep(ExtentReporter.java:118)
	at com.framework.selenium.api.base.SeleniumBase.takeSnap(SeleniumBase.java:966)
	at com.framework.utils.ExtentReporter.reportStep(ExtentReporter.java:85)
	at com.framework.utils.ExtentReporter.reportStep(ExtentReporter.java:118)
	at com.framework.selenium.api.base.SeleniumBase.takeSnap(SeleniumBase.java:966)
	at com.framework.utils.ExtentReporter.reportStep(ExtentReporter.java:85)
	at com.framework.utils.ExtentReporter.reportStep(ExtentReporter.java:118)
	at com.framework.selenium.api.base.SeleniumBase.takeSnap(SeleniumBase.java:966)
	at com.framework.utils.ExtentReporter.reportStep(ExtentReporter.java:85)
	at com.framework.utils.ExtentReporter.reportStep(ExtentReporter.java:118)
	at com.framework.selenium.api.base.SeleniumBase.takeSnap(SeleniumBase.java:966)
	at com.framework.utils.ExtentReporter.reportStep(ExtentReporter.java:85)
	at com.framework.utils.ExtentReporter.reportStep(ExtentReporter.java:118)
	at com.framework.selenium.api.base.SeleniumBase.takeSnap(SeleniumBase.java:966)
	at com.framework.utils.ExtentReporter.reportStep(ExtentReporter.java:85)
	at com.framework.utils.ExtentReporter.reportStep(ExtentReporter.java:118)
	at com.framework.selenium.api.base.SeleniumBase.takeSnap(SeleniumBase.java:966)
	at com.framework.utils.ExtentReporter.reportStep(ExtentReporter.java:85)
	at com.framework.utils.ExtentReporter.reportStep(ExtentReporter.java:118)
	at com.framework.selenium.api.base.SeleniumBase.takeSnap(SeleniumBase.java:966)
	at com.framework.utils.ExtentReporter.reportStep(ExtentReporter.java:85)
	at com.framework.utils.ExtentReporter.reportStep(ExtentReporter.java:118)
	at com.framework.selenium.api.base.SeleniumBase.takeSnap(SeleniumBase.java:966)
	at com.framework.utils.ExtentReporter.reportStep(ExtentReporter.java:85)
	at com.framework.utils.ExtentReporter.reportStep(ExtentReporter.java:118)
	at com.framework.selenium.api.base.SeleniumBase.takeSnap(SeleniumBase.java:966)
	at com.framework.utils.ExtentReporter.reportStep(ExtentReporter.java:85)
	at com.framework.utils.ExtentReporter.reportStep(ExtentReporter.java:118)
	at com.framework.selenium.api.base.SeleniumBase.takeSnap(SeleniumBase.java:966)
	at com.framework.utils.ExtentReporter.reportStep(ExtentReporter.java:85)
	at com.framework.utils.ExtentReporter.reportStep(ExtentReporter.java:118)
	at com.framework.selenium.api.base.SeleniumBase.takeSnap(SeleniumBase.java:966)
	at com.framework.utils.ExtentReporter.reportStep(ExtentReporter.java:85)
	at com.framework.utils.ExtentReporter.reportStep(ExtentReporter.java:118)
	at com.framework.selenium.api.base.SeleniumBase.takeSnap(SeleniumBase.java:966)
	at com.framework.utils.ExtentReporter.reportStep(ExtentReporter.java:85)
	at com.framework.utils.ExtentReporter.reportStep(ExtentReporter.java:118)
	at com.framework.selenium.api.base.SeleniumBase.takeSnap(SeleniumBase.java:966)
	at com.framework.utils.ExtentReporter.reportStep(ExtentReporter.java:85)
	at com.framework.utils.ExtentReporter.reportStep(ExtentReporter.java:118)
	at com.framework.selenium.api.base.SeleniumBase.takeSnap(SeleniumBase.java:966)
	at com.framework.utils.ExtentReporter.reportStep(ExtentReporter.java:85)
	at com.framework.utils.ExtentReporter.reportStep(ExtentReporter.java:118)
	at com.framework.selenium.api.base.SeleniumBase.takeSnap(SeleniumBase.java:966)
	at com.framework.utils.ExtentReporter.reportStep(ExtentReporter.java:85)
	at com.framework.utils.ExtentReporter.reportStep(ExtentReporter.java:118)
	at com.framework.selenium.api.base.SeleniumBase.takeSnap(SeleniumBase.java:966)
	at com.framework.utils.ExtentReporter.reportStep(ExtentReporter.java:85)
	at com.framework.utils.ExtentReporter.reportStep(ExtentReporter.java:118)
	at com.framework.selenium.api.base.SeleniumBase.takeSnap(SeleniumBase.java:966)
	at com.framework.utils.ExtentReporter.reportStep(ExtentReporter.java:85)
	at com.framework.utils.ExtentReporter.reportStep(ExtentReporter.java:118)
	at com.framework.selenium.api.base.SeleniumBase.takeSnap(SeleniumBase.java:966)
	at com.framework.utils.ExtentReporter.reportStep(ExtentReporter.java:85)
	at com.framework.utils.ExtentReporter.reportStep(ExtentReporter.java:118)
	at com.framework.selenium.api.base.SeleniumBase.takeSnap(SeleniumBase.java:966)
	at com.framework.utils.ExtentReporter.reportStep(ExtentReporter.java:85)
	at com.framework.utils.ExtentReporter.reportStep(ExtentReporter.java:118)
	at com.framework.selenium.api.base.SeleniumBase.takeSnap(SeleniumBase.java:966)
	at com.framework.utils.ExtentReporter.reportStep(ExtentReporter.java:85)
	at com.framework.utils.ExtentReporter.reportStep(ExtentReporter.java:118)
	at com.framework.selenium.api.base.SeleniumBase.takeSnap(SeleniumBase.java:966)
	at com.framework.utils.ExtentReporter.reportStep(ExtentReporter.java:85)
	at com.framework.utils.ExtentReporter.reportStep(ExtentReporter.java:118)
	at com.framework.selenium.api.base.SeleniumBase.takeSnap(SeleniumBase.java:966)
	at com.framework.utils.ExtentReporter.reportStep(ExtentReporter.java:85)
	at com.framework.utils.ExtentReporter.reportStep(ExtentReporter.java:118)
	at com.framework.selenium.api.base.SeleniumBase.takeSnap(SeleniumBase.java:966)
	at com.framework.utils.ExtentReporter.reportStep(ExtentReporter.java:85)
	at com.framework.utils.ExtentReporter.reportStep(ExtentReporter.java:118)
	at com.framework.selenium.api.base.SeleniumBase.takeSnap(SeleniumBase.java:966)
	at com.framework.utils.ExtentReporter.reportStep(ExtentReporter.java:85)
	at com.framework.utils.ExtentReporter.reportStep(ExtentReporter.java:118)
	at com.framework.selenium.api.base.SeleniumBase.takeSnap(SeleniumBase.java:966)
	at com.framework.utils.ExtentReporter.reportStep(ExtentReporter.java:85)
	at com.framework.utils.ExtentReporter.reportStep(ExtentReporter.java:118)
	at com.framework.selenium.api.base.SeleniumBase.takeSnap(SeleniumBase.java:966)
	at com.framework.utils.ExtentReporter.reportStep(ExtentReporter.java:85)
	at com.framework.utils.ExtentReporter.reportStep(ExtentReporter.java:118)
	at com.framework.selenium.api.base.SeleniumBase.takeSnap(SeleniumBase.java:966)
	at com.framework.utils.ExtentReporter.reportStep(ExtentReporter.java:85)
	at com.framework.utils.ExtentReporter.reportStep(ExtentReporter.java:118)
	at com.framework.selenium.api.base.SeleniumBase.takeSnap(SeleniumBase.java:966)
	at com.framework.utils.ExtentReporter.reportStep(ExtentReporter.java:85)
	at com.framework.utils.ExtentReporter.reportStep(ExtentReporter.java:118)
	at com.framework.selenium.api.base.SeleniumBase.takeSnap(SeleniumBase.java:966)
	at com.framework.utils.ExtentReporter.reportStep(ExtentReporter.java:85)
	at com.framework.utils.ExtentReporter.reportStep(ExtentReporter.java:118)
	at com.framework.selenium.api.base.SeleniumBase.takeSnap(SeleniumBase.java:966)
	at com.framework.utils.ExtentReporter.reportStep(ExtentReporter.java:85)
	at com.framework.utils.ExtentReporter.reportStep(ExtentReporter.java:118)
	at com.framework.selenium.api.base.SeleniumBase.takeSnap(SeleniumBase.java:966)
	at com.framework.utils.ExtentReporter.reportStep(ExtentReporter.java:85)
	at com.framework.utils.ExtentReporter.reportStep(ExtentReporter.java:118)
	at com.framework.selenium.api.base.SeleniumBase.takeSnap(SeleniumBase.java:966)
	at com.framework.utils.ExtentReporter.reportStep(ExtentReporter.java:85)
	at com.framework.utils.ExtentReporter.reportStep(ExtentReporter.java:118)
	at com.framework.selenium.api.base.SeleniumBase.takeSnap(SeleniumBase.java:966)
	at com.framework.utils.ExtentReporter.reportStep(ExtentReporter.java:85)
	at com.framework.utils.ExtentReporter.reportStep(ExtentReporter.java:118)
	at com.framework.selenium.api.base.SeleniumBase.takeSnap(SeleniumBase.java:966)
	at com.framework.utils.ExtentReporter.reportStep(ExtentReporter.java:85)
	at com.framework.utils.ExtentReporter.reportStep(ExtentReporter.java:118)
	at com.framework.selenium.api.base.SeleniumBase.takeSnap(SeleniumBase.java:966)
	at com.framework.utils.ExtentReporter.reportStep(ExtentReporter.java:85)
	at com.framework.utils.ExtentReporter.reportStep(ExtentReporter.java:118)
	at com.framework.selenium.api.base.SeleniumBase.takeSnap(SeleniumBase.java:966)
	at com.framework.utils.ExtentReporter.reportStep(ExtentReporter.java:85)
	at com.framework.utils.ExtentReporter.reportStep(ExtentReporter.java:118)
	at com.framework.selenium.api.base.SeleniumBase.takeSnap(SeleniumBase.java:966)
	at com.framework.utils.ExtentReporter.reportStep(ExtentReporter.java:85)
	at com.framework.utils.ExtentReporter.reportStep(ExtentReporter.java:118)
	at com.framework.selenium.api.base.SeleniumBase.takeSnap(SeleniumBase.java:966)
	at com.framework.utils.ExtentReporter.reportStep(ExtentReporter.java:85)
	at com.framework.utils.ExtentReporter.reportStep(ExtentReporter.java:118)
	at com.framework.selenium.api.base.SeleniumBase.takeSnap(SeleniumBase.java:966)
	at com.framework.utils.ExtentReporter.reportStep(ExtentReporter.java:85)
	at com.framework.utils.ExtentReporter.reportStep(ExtentReporter.java:118)
	at com.framework.selenium.api.base.SeleniumBase.takeSnap(SeleniumBase.java:966)
	at com.framework.utils.ExtentReporter.reportStep(ExtentReporter.java:85)
	at com.framework.utils.ExtentReporter.reportStep(ExtentReporter.java:118)
	at com.framework.selenium.api.base.SeleniumBase.takeSnap(SeleniumBase.java:966)
	at com.framework.utils.ExtentReporter.reportStep(ExtentReporter.java:85)
	at com.framework.utils.ExtentReporter.reportStep(ExtentReporter.java:118)
	at com.framework.selenium.api.base.SeleniumBase.takeSnap(SeleniumBase.java:966)
	at com.framework.utils.ExtentReporter.reportStep(ExtentReporter.java:85)
	at com.framework.utils.ExtentReporter.reportStep(ExtentReporter.java:118)
	at com.framework.selenium.api.base.SeleniumBase.takeSnap(SeleniumBase.java:966)
	at com.framework.utils.ExtentReporter.reportStep(ExtentReporter.java:85)
	at com.framework.utils.ExtentReporter.reportStep(ExtentReporter.java:118)
	at com.framework.selenium.api.base.SeleniumBase.takeSnap(SeleniumBase.java:966)
	at com.framework.utils.ExtentReporter.reportStep(ExtentReporter.java:85)
	at com.framework.utils.ExtentReporter.reportStep(ExtentReporter.java:118)
	at com.framework.selenium.api.base.SeleniumBase.takeSnap(SeleniumBase.java:966)
	at com.framework.utils.ExtentReporter.reportStep(ExtentReporter.java:85)
	at com.framework.utils.ExtentReporter.reportStep(ExtentReporter.java:118)
	at com.framework.selenium.api.base.SeleniumBase.takeSnap(SeleniumBase.java:966)
	at com.framework.utils.ExtentReporter.reportStep(ExtentReporter.java:85)
	at com.framework.utils.ExtentReporter.reportStep(ExtentReporter.java:118)
	at com.framework.selenium.api.base.SeleniumBase.takeSnap(SeleniumBase.java:966)
	at com.framework.utils.ExtentReporter.reportStep(ExtentReporter.java:85)
	at com.framework.utils.ExtentReporter.reportStep(ExtentReporter.java:118)
	at com.framework.selenium.api.base.SeleniumBase.takeSnap(SeleniumBase.java:966)
	at com.framework.utils.ExtentReporter.reportStep(ExtentReporter.java:85)
	at com.framework.utils.ExtentReporter.reportStep(ExtentReporter.java:118)
	at com.framework.selenium.api.base.SeleniumBase.takeSnap(SeleniumBase.java:966)
	at com.framework.utils.ExtentReporter.reportStep(ExtentReporter.java:85)
	at com.framework.utils.ExtentReporter.reportStep(ExtentReporter.java:118)
	at com.framework.selenium.api.base.SeleniumBase.takeSnap(SeleniumBase.java:966)
	at com.framework.utils.ExtentReporter.reportStep(ExtentReporter.java:85)
	at com.framework.utils.ExtentReporter.reportStep(ExtentReporter.java:118)
	at com.framework.selenium.api.base.SeleniumBase.takeSnap(SeleniumBase.java:966)
	at com.framework.utils.ExtentReporter.reportStep(ExtentReporter.java:85)
	at com.framework.utils.ExtentReporter.reportStep(ExtentReporter.java:118)
	at com.framework.selenium.api.base.SeleniumBase.takeSnap(SeleniumBase.java:966)
	at com.framework.utils.ExtentReporter.reportStep(ExtentReporter.java:85)
	at com.framework.utils.ExtentReporter.reportStep(ExtentReporter.java:118)
	at com.framework.selenium.api.base.SeleniumBase.takeSnap(SeleniumBase.java:966)
	at com.framework.utils.ExtentReporter.reportStep(ExtentReporter.java:85)
	at com.framework.utils.ExtentReporter.reportStep(ExtentReporter.java:118)
	at com.framework.selenium.api.base.SeleniumBase.takeSnap(SeleniumBase.java:966)
	at com.framework.utils.ExtentReporter.reportStep(ExtentReporter.java:85)
	at com.framework.utils.ExtentReporter.reportStep(ExtentReporter.java:118)
	at com.framework.selenium.api.base.SeleniumBase.takeSnap(SeleniumBase.java:966)
	at com.framework.utils.ExtentReporter.reportStep(ExtentReporter.java:85)
	at com.framework.utils.ExtentReporter.reportStep(ExtentReporter.java:118)
	at com.framework.selenium.api.base.SeleniumBase.takeSnap(SeleniumBase.java:966)
	at com.framework.utils.ExtentReporter.reportStep(ExtentReporter.java:85)
	at com.framework.utils.ExtentReporter.reportStep(ExtentReporter.java:118)
	at com.framework.selenium.api.base.SeleniumBase.takeSnap(SeleniumBase.java:966)
	at com.framework.utils.ExtentReporter.reportStep(ExtentReporter.java:85)
	at com.framework.utils.ExtentReporter.reportStep(ExtentReporter.java:118)
	at com.framework.selenium.api.base.SeleniumBase.takeSnap(SeleniumBase.java:966)
	at com.framework.utils.ExtentReporter.reportStep(ExtentReporter.java:85)
	at com.framework.utils.ExtentReporter.reportStep(ExtentReporter.java:118)
	at com.framework.selenium.api.base.SeleniumBase.takeSnap(SeleniumBase.java:966)
	at com.framework.utils.ExtentReporter.reportStep(ExtentReporter.java:85)
	at com.framework.utils.ExtentReporter.reportStep(ExtentReporter.java:118)
	at com.framework.selenium.api.base.SeleniumBase.takeSnap(SeleniumBase.java:966)
	at com.framework.utils.ExtentReporter.reportStep(ExtentReporter.java:85)
	at com.framework.utils.ExtentReporter.reportStep(ExtentReporter.java:118)
	at com.framework.selenium.api.base.SeleniumBase.takeSnap(SeleniumBase.java:966)
	at com.framework.utils.ExtentReporter.reportStep(ExtentReporter.java:85)
	at com.framework.utils.ExtentReporter.reportStep(ExtentReporter.java:118)
	at com.framework.selenium.api.base.SeleniumBase.takeSnap(SeleniumBase.java:966)
	at com.framework.utils.ExtentReporter.reportStep(ExtentReporter.java:85)
	at com.framework.utils.ExtentReporter.reportStep(ExtentReporter.java:118)
	at com.framework.selenium.api.base.SeleniumBase.takeSnap(SeleniumBase.java:966)
	at com.framework.utils.ExtentReporter.reportStep(ExtentReporter.java:85)
	at com.framework.utils.ExtentReporter.reportStep(ExtentReporter.java:118)
	at com.framework.selenium.api.base.SeleniumBase.takeSnap(SeleniumBase.java:966)
	at com.framework.utils.ExtentReporter.reportStep(ExtentReporter.java:85)
	at com.framework.utils.ExtentReporter.reportStep(ExtentReporter.java:118)
	at com.framework.selenium.api.base.SeleniumBase.takeSnap(SeleniumBase.java:966)
	at com.framework.utils.ExtentReporter.reportStep(ExtentReporter.java:85)
	at com.framework.utils.ExtentReporter.reportStep(ExtentReporter.java:118)
	at com.framework.selenium.api.base.SeleniumBase.takeSnap(SeleniumBase.java:966)
	at com.framework.utils.ExtentReporter.reportStep(ExtentReporter.java:85)
	at com.framework.utils.ExtentReporter.reportStep(ExtentReporter.java:118)
	at com.framework.selenium.api.base.SeleniumBase.takeSnap(SeleniumBase.java:966)
	at com.framework.utils.ExtentReporter.reportStep(ExtentReporter.java:85)
	at com.framework.utils.ExtentReporter.reportStep(ExtentReporter.java:118)
	at com.framework.selenium.api.base.SeleniumBase.takeSnap(SeleniumBase.java:966)
	at com.framework.utils.ExtentReporter.reportStep(ExtentReporter.java:85)
	at com.framework.utils.ExtentReporter.reportStep(ExtentReporter.java:118)
	at com.framework.selenium.api.base.SeleniumBase.takeSnap(SeleniumBase.java:966)
	at com.framework.utils.ExtentReporter.reportStep(ExtentReporter.java:85)
	at com.framework.utils.ExtentReporter.reportStep(ExtentReporter.java:118)
	at com.framework.selenium.api.base.SeleniumBase.takeSnap(SeleniumBase.java:966)
	at com.framework.utils.ExtentReporter.reportStep(ExtentReporter.java:85)
	at com.framework.utils.ExtentReporter.reportStep(ExtentReporter.java:118)
	at com.framework.selenium.api.base.SeleniumBase.takeSnap(SeleniumBase.java:966)
	at com.framework.utils.ExtentReporter.reportStep(ExtentReporter.java:85)
	at com.framework.utils.ExtentReporter.reportStep(ExtentReporter.java:118)
	at com.framework.selenium.api.base.SeleniumBase.takeSnap(SeleniumBase.java:966)
	at com.framework.utils.ExtentReporter.reportStep(ExtentReporter.java:85)
	at com.framework.utils.ExtentReporter.reportStep(ExtentReporter.java:118)
	at com.framework.selenium.api.base.SeleniumBase.takeSnap(SeleniumBase.java:966)
	at com.framework.utils.ExtentReporter.reportStep(ExtentReporter.java:85)
	at com.framework.utils.ExtentReporter.reportStep(ExtentReporter.java:118)
	at com.framework.selenium.api.base.SeleniumBase.takeSnap(SeleniumBase.java:966)
	at com.framework.utils.ExtentReporter.reportStep(ExtentReporter.java:85)
	at com.framework.utils.ExtentReporter.reportStep(ExtentReporter.java:118)
	at com.framework.selenium.api.base.SeleniumBase.takeSnap(SeleniumBase.java:966)
	at com.framework.utils.ExtentReporter.reportStep(ExtentReporter.java:85)
	at com.framework.utils.ExtentReporter.reportStep(ExtentReporter.java:118)
	at com.framework.selenium.api.base.SeleniumBase.takeSnap(SeleniumBase.java:966)
	at com.framework.utils.ExtentReporter.reportStep(ExtentReporter.java:85)
	at com.framework.utils.ExtentReporter.reportStep(ExtentReporter.java:118)
	at com.framework.selenium.api.base.SeleniumBase.takeSnap(SeleniumBase.java:966)
	at com.framework.utils.ExtentReporter.reportStep(ExtentReporter.java:85)
	at com.framework.utils.ExtentReporter.reportStep(ExtentReporter.java:118)
	at com.framework.selenium.api.base.SeleniumBase.takeSnap(SeleniumBase.java:966)
	at com.framework.utils.ExtentReporter.reportStep(ExtentReporter.java:85)
	at com.framework.utils.ExtentReporter.reportStep(ExtentReporter.java:118)
	at com.framework.selenium.api.base.SeleniumBase.takeSnap(SeleniumBase.java:966)
	at com.framework.utils.ExtentReporter.reportStep(ExtentReporter.java:85)
	at com.framework.utils.ExtentReporter.reportStep(ExtentReporter.java:118)
	at com.framework.selenium.api.base.SeleniumBase.takeSnap(SeleniumBase.java:966)
	at com.framework.utils.ExtentReporter.reportStep(ExtentReporter.java:85)
	at com.framework.utils.ExtentReporter.reportStep(ExtentReporter.java:118)
	at com.framework.selenium.api.base.SeleniumBase.takeSnap(SeleniumBase.java:966)
	at com.framework.utils.ExtentReporter.reportStep(ExtentReporter.java:85)
	at com.framework.utils.ExtentReporter.reportStep(ExtentReporter.java:118)
	at com.framework.selenium.api.base.SeleniumBase.takeSnap(SeleniumBase.java:966)
	at com.framework.utils.ExtentReporter.reportStep(ExtentReporter.java:85)
	at com.framework.utils.ExtentReporter.reportStep(ExtentReporter.java:118)
	at com.framework.selenium.api.base.SeleniumBase.takeSnap(SeleniumBase.java:966)
	at com.framework.utils.ExtentReporter.reportStep(ExtentReporter.java:85)
	at com.framework.utils.ExtentReporter.reportStep(ExtentReporter.java:118)
	at com.framework.selenium.api.base.SeleniumBase.takeSnap(SeleniumBase.java:966)
	at com.framework.utils.ExtentReporter.reportStep(ExtentReporter.java:85)
	at com.framework.utils.ExtentReporter.reportStep(ExtentReporter.java:118)
	at com.framework.selenium.api.base.SeleniumBase.takeSnap(SeleniumBase.java:966)
	at com.framework.utils.ExtentReporter.reportStep(ExtentReporter.java:85)
	at com.framework.utils.ExtentReporter.reportStep(ExtentReporter.java:118)
	at com.framework.selenium.api.base.SeleniumBase.takeSnap(SeleniumBase.java:966)
	at com.framework.utils.ExtentReporter.reportStep(ExtentReporter.java:85)
	at com.framework.utils.ExtentReporter.reportStep(ExtentReporter.java:118)
	at com.framework.selenium.api.base.SeleniumBase.takeSnap(SeleniumBase.java:966)
	at com.framework.utils.ExtentReporter.reportStep(ExtentReporter.java:85)
	at com.framework.utils.ExtentReporter.reportStep(ExtentReporter.java:118)
	at com.framework.selenium.api.base.SeleniumBase.takeSnap(SeleniumBase.java:966)
	at com.framework.utils.ExtentReporter.reportStep(ExtentReporter.java:85)
	at com.framework.utils.ExtentReporter.reportStep(ExtentReporter.java:118)
	at com.framework.selenium.api.base.SeleniumBase.takeSnap(SeleniumBase.java:966)
	at com.framework.utils.ExtentReporter.reportStep(ExtentReporter.java:85)
	at com.framework.utils.ExtentReporter.reportStep(ExtentReporter.java:118)
	at com.framework.selenium.api.base.SeleniumBase.takeSnap(SeleniumBase.java:966)
	at com.framework.utils.ExtentReporter.reportStep(ExtentReporter.java:85)
	at com.framework.utils.ExtentReporter.reportStep(ExtentReporter.java:118)
	at com.framework.selenium.api.base.SeleniumBase.takeSnap(SeleniumBase.java:966)
	at com.framework.utils.ExtentReporter.reportStep(ExtentReporter.java:85)
	at com.framework.utils.ExtentReporter.reportStep(ExtentReporter.java:118)
	at com.framework.selenium.api.base.SeleniumBase.takeSnap(SeleniumBase.java:966)
	at com.framework.utils.ExtentReporter.reportStep(ExtentReporter.java:85)
	at com.framework.utils.ExtentReporter.reportStep(ExtentReporter.java:118)
	at com.framework.selenium.api.base.SeleniumBase.takeSnap(SeleniumBase.java:966)
	at com.framework.utils.ExtentReporter.reportStep(ExtentReporter.java:85)
	at com.framework.utils.ExtentReporter.reportStep(ExtentReporter.java:118)
	at com.framework.selenium.api.base.SeleniumBase.takeSnap(SeleniumBase.java:966)
	at com.framework.utils.ExtentReporter.reportStep(ExtentReporter.java:85)
	at com.framework.utils.ExtentReporter.reportStep(ExtentReporter.java:118)
	at com.framework.selenium.api.base.SeleniumBase.takeSnap(SeleniumBase.java:966)
	at com.framework.utils.ExtentReporter.reportStep(ExtentReporter.java:85)
	at com.framework.utils.ExtentReporter.reportStep(ExtentReporter.java:118)
	at com.framework.selenium.api.base.SeleniumBase.takeSnap(SeleniumBase.java:966)
	at com.framework.utils.ExtentReporter.reportStep(ExtentReporter.java:85)
	at com.framework.utils.ExtentReporter.reportStep(ExtentReporter.java:118)
	at com.framework.selenium.api.base.SeleniumBase.takeSnap(SeleniumBase.java:966)
	at com.framework.utils.ExtentReporter.reportStep(ExtentReporter.java:85)
	at com.framework.utils.ExtentReporter.reportStep(ExtentReporter.java:118)
	at com.framework.selenium.api.base.SeleniumBase.takeSnap(SeleniumBase.java:966)
	at com.framework.utils.ExtentReporter.reportStep(ExtentReporter.java:85)
	at com.framework.utils.ExtentReporter.reportStep(ExtentReporter.java:118)
	at com.framework.selenium.api.base.SeleniumBase.takeSnap(SeleniumBase.java:966)
	at com.framework.utils.ExtentReporter.reportStep(ExtentReporter.java:85)
	at com.framework.utils.ExtentReporter.reportStep(ExtentReporter.java:118)
	at com.framework.selenium.api.base.SeleniumBase.takeSnap(SeleniumBase.java:966)
	at com.framework.utils.ExtentReporter.reportStep(ExtentReporter.java:85)
	at com.framework.utils.ExtentReporter.reportStep(ExtentReporter.java:118)
	at com.framework.selenium.api.base.SeleniumBase.takeSnap(SeleniumBase.java:966)
	at com.framework.utils.ExtentReporter.reportStep(ExtentReporter.java:85)
	at com.framework.utils.ExtentReporter.reportStep(ExtentReporter.java:118)
	at com.framework.selenium.api.base.SeleniumBase.takeSnap(SeleniumBase.java:966)
	at com.framework.utils.ExtentReporter.reportStep(ExtentReporter.java:85)
	at com.framework.utils.ExtentReporter.reportStep(ExtentReporter.java:118)
	at com.framework.selenium.api.base.SeleniumBase.takeSnap(SeleniumBase.java:966)
	at com.framework.utils.ExtentReporter.reportStep(ExtentReporter.java:85)
	at com.framework.utils.ExtentReporter.reportStep(ExtentReporter.java:118)
	at com.framework.selenium.api.base.SeleniumBase.takeSnap(SeleniumBase.java:966)
	at com.framework.utils.ExtentReporter.reportStep(ExtentReporter.java:85)
	at com.framework.utils.ExtentReporter.reportStep(ExtentReporter.java:118)
	at com.framework.selenium.api.base.SeleniumBase.takeSnap(SeleniumBase.java:966)
	at com.framework.utils.ExtentReporter.reportStep(ExtentReporter.java:85)
	at com.framework.utils.ExtentReporter.reportStep(ExtentReporter.java:118)
	at com.framework.selenium.api.base.SeleniumBase.takeSnap(SeleniumBase.java:966)
	at com.framework.utils.ExtentReporter.reportStep(ExtentReporter.java:85)
	at com.framework.utils.ExtentReporter.reportStep(ExtentReporter.java:118)
	at com.framework.selenium.api.base.SeleniumBase.takeSnap(SeleniumBase.java:966)
	at com.framework.utils.ExtentReporter.reportStep(ExtentReporter.java:85)
	at com.framework.utils.ExtentReporter.reportStep(ExtentReporter.java:118)
	at com.framework.selenium.api.base.SeleniumBase.takeSnap(SeleniumBase.java:966)
	at com.framework.utils.ExtentReporter.reportStep(ExtentReporter.java:85)
	at com.framework.utils.ExtentReporter.reportStep(ExtentReporter.java:118)
	at com.framework.selenium.api.base.SeleniumBase.takeSnap(SeleniumBase.java:966)
	at com.framework.utils.ExtentReporter.reportStep(ExtentReporter.java:85)
	at com.framework.utils.ExtentReporter.reportStep(ExtentReporter.java:118)
	at com.framework.selenium.api.base.SeleniumBase.takeSnap(SeleniumBase.java:966)
	at com.framework.utils.ExtentReporter.reportStep(ExtentReporter.java:85)
	at com.framework.utils.ExtentReporter.reportStep(ExtentReporter.java:118)
	at com.framework.selenium.api.base.SeleniumBase.takeSnap(SeleniumBase.java:966)
	at com.framework.utils.ExtentReporter.reportStep(ExtentReporter.java:85)
	at com.framework.utils.ExtentReporter.reportStep(ExtentReporter.java:118)
	at com.framework.selenium.api.base.SeleniumBase.takeSnap(SeleniumBase.java:966)
	at com.framework.utils.ExtentReporter.reportStep(ExtentReporter.java:85)
	at com.framework.utils.ExtentReporter.reportStep(ExtentReporter.java:118)
	at com.framework.selenium.api.base.SeleniumBase.takeSnap(SeleniumBase.java:966)
	at com.framework.utils.ExtentReporter.reportStep(ExtentReporter.java:85)
	at com.framework.utils.ExtentReporter.reportStep(ExtentReporter.java:118)
	at com.framework.selenium.api.base.SeleniumBase.takeSnap(SeleniumBase.java:966)
	at com.framework.utils.ExtentReporter.reportStep(ExtentReporter.java:85)
	at com.framework.utils.ExtentReporter.reportStep(ExtentReporter.java:118)
	at com.framework.selenium.api.base.SeleniumBase.takeSnap(SeleniumBase.java:966)
	at com.framework.utils.ExtentReporter.reportStep(ExtentReporter.java:85)
	at com.framework.utils.ExtentReporter.reportStep(ExtentReporter.java:118)
	at com.framework.selenium.api.base.SeleniumBase.takeSnap(SeleniumBase.java:966)
	at com.framework.utils.ExtentReporter.reportStep(ExtentReporter.java:85)
	at com.framework.utils.ExtentReporter.reportStep(ExtentReporter.java:118)
	at com.framework.selenium.api.base.SeleniumBase.takeSnap(SeleniumBase.java:966)
	at com.framework.utils.ExtentReporter.reportStep(ExtentReporter.java:85)
	at com.framework.utils.ExtentReporter.reportStep(ExtentReporter.java:118)
	at com.framework.selenium.api.base.SeleniumBase.takeSnap(SeleniumBase.java:966)
	at com.framework.utils.ExtentReporter.reportStep(ExtentReporter.java:85)
	at com.framework.utils.ExtentReporter.reportStep(ExtentReporter.java:118)
	at com.framework.selenium.api.base.SeleniumBase.takeSnap(SeleniumBase.java:966)
	at com.framework.utils.ExtentReporter.reportStep(ExtentReporter.java:85)
	at com.framework.utils.ExtentReporter.reportStep(ExtentReporter.java:118)
	at com.framework.selenium.api.base.SeleniumBase.takeSnap(SeleniumBase.java:966)
	at com.framework.utils.ExtentReporter.reportStep(ExtentReporter.java:85)
	at com.framework.utils.ExtentReporter.reportStep(ExtentReporter.java:118)
	at com.framework.selenium.api.base.SeleniumBase.takeSnap(SeleniumBase.java:966)
	at com.framework.utils.ExtentReporter.reportStep(ExtentReporter.java:85)
	at com.framework.utils.ExtentReporter.reportStep(ExtentReporter.java:118)
	at com.framework.selenium.api.base.SeleniumBase.takeSnap(SeleniumBase.java:966)
	at com.framework.utils.ExtentReporter.reportStep(ExtentReporter.java:85)
	at com.framework.utils.ExtentReporter.reportStep(ExtentReporter.java:118)
	at com.framework.selenium.api.base.SeleniumBase.takeSnap(SeleniumBase.java:966)
	at com.framework.utils.ExtentReporter.reportStep(ExtentReporter.java:85)
	at com.framework.utils.ExtentReporter.reportStep(ExtentReporter.java:118)
	at com.framework.selenium.api.base.SeleniumBase.takeSnap(SeleniumBase.java:966)
	at com.framework.utils.ExtentReporter.reportStep(ExtentReporter.java:85)
	at com.framework.utils.ExtentReporter.reportStep(ExtentReporter.java:118)
	at com.framework.selenium.api.base.SeleniumBase.takeSnap(SeleniumBase.java:966)
	at com.framework.utils.ExtentReporter.reportStep(ExtentReporter.java:85)
	at com.framework.utils.ExtentReporter.reportStep(ExtentReporter.java:118)
	at com.framework.selenium.api.base.SeleniumBase.takeSnap(SeleniumBase.java:966)
	at com.framework.utils.ExtentReporter.reportStep(ExtentReporter.java:85)
	at com.framework.utils.ExtentReporter.reportStep(ExtentReporter.java:118)
	at com.framework.selenium.api.base.SeleniumBase.takeSnap(SeleniumBase.java:966)
	at com.framework.utils.ExtentReporter.reportStep(ExtentReporter.java:85)
	at com.framework.utils.ExtentReporter.reportStep(ExtentReporter.java:118)
	at com.framework.selenium.api.base.SeleniumBase.takeSnap(SeleniumBase.java:966)
	at com.framework.utils.ExtentReporter.reportStep(ExtentReporter.java:85)
	at com.framework.utils.ExtentReporter.reportStep(ExtentReporter.java:118)
	at com.framework.selenium.api.base.SeleniumBase.takeSnap(SeleniumBase.java:966)
	at com.framework.utils.ExtentReporter.reportStep(ExtentReporter.java:85)
	at com.framework.utils.ExtentReporter.reportStep(ExtentReporter.java:118)
	at com.framework.selenium.api.base.SeleniumBase.takeSnap(SeleniumBase.java:966)
	at com.framework.utils.ExtentReporter.reportStep(ExtentReporter.java:85)
	at com.framework.utils.ExtentReporter.reportStep(ExtentReporter.java:118)
	at com.framework.selenium.api.base.SeleniumBase.takeSnap(SeleniumBase.java:966)
	at com.framework.utils.ExtentReporter.reportStep(ExtentReporter.java:85)
	at com.framework.utils.ExtentReporter.reportStep(ExtentReporter.java:118)
	at com.framework.selenium.api.base.SeleniumBase.takeSnap(SeleniumBase.java:966)
	at com.framework.utils.ExtentReporter.reportStep(ExtentReporter.java:85)
	at com.framework.utils.ExtentReporter.reportStep(ExtentReporter.java:118)
	at com.framework.selenium.api.base.SeleniumBase.takeSnap(SeleniumBase.java:966)
	at com.framework.utils.ExtentReporter.reportStep(ExtentReporter.java:85)
	at com.framework.utils.ExtentReporter.reportStep(ExtentReporter.java:118)
	at com.framework.selenium.api.base.SeleniumBase.takeSnap(SeleniumBase.java:966)
	at com.framework.utils.ExtentReporter.reportStep(ExtentReporter.java:85)
	at com.framework.utils.ExtentReporter.reportStep(ExtentReporter.java:118)
	at com.framework.selenium.api.base.SeleniumBase.takeSnap(SeleniumBase.java:966)
	at com.framework.utils.ExtentReporter.reportStep(ExtentReporter.java:85)
	at com.framework.utils.ExtentReporter.reportStep(ExtentReporter.java:118)
	at com.framework.selenium.api.base.SeleniumBase.takeSnap(SeleniumBase.java:966)
	at com.framework.utils.ExtentReporter.reportStep(ExtentReporter.java:85)
	at com.framework.utils.ExtentReporter.reportStep(ExtentReporter.java:118)
	at com.framework.selenium.api.base.SeleniumBase.takeSnap(SeleniumBase.java:966)
	at com.framework.utils.ExtentReporter.reportStep(ExtentReporter.java:85)
	at com.framework.utils.ExtentReporter.reportStep(ExtentReporter.java:118)
	at com.framework.selenium.api.base.SeleniumBase.takeSnap(SeleniumBase.java:966)
	at com.framework.utils.ExtentReporter.reportStep(ExtentReporter.java:85)
	at com.framework.utils.ExtentReporter.reportStep(ExtentReporter.java:118)
	at com.framework.selenium.api.base.SeleniumBase.takeSnap(SeleniumBase.java:966)
	at com.framework.utils.ExtentReporter.reportStep(ExtentReporter.java:85)
	at com.framework.utils.ExtentReporter.reportStep(ExtentReporter.java:118)
	at com.framework.selenium.api.base.SeleniumBase.takeSnap(SeleniumBase.java:966)
	at com.framework.utils.ExtentReporter.reportStep(ExtentReporter.java:85)
	at com.framework.utils.ExtentReporter.reportStep(ExtentReporter.java:118)
	at com.framework.selenium.api.base.SeleniumBase.takeSnap(SeleniumBase.java:966)
	at com.framework.utils.ExtentReporter.reportStep(ExtentReporter.java:85)
	at com.framework.utils.ExtentReporter.reportStep(ExtentReporter.java:118)
	at com.framework.selenium.api.base.SeleniumBase.takeSnap(SeleniumBase.java:966)
	at com.framework.utils.ExtentReporter.reportStep(ExtentReporter.java:85)
	at com.framework.utils.ExtentReporter.reportStep(ExtentReporter.java:118)
	at com.framework.selenium.api.base.SeleniumBase.takeSnap(SeleniumBase.java:966)
	at com.framework.utils.ExtentReporter.reportStep(ExtentReporter.java:85)
	at com.framework.utils.ExtentReporter.reportStep(ExtentReporter.java:118)
	at com.framework.selenium.api.base.SeleniumBase.takeSnap(SeleniumBase.java:966)
	at com.framework.utils.ExtentReporter.reportStep(ExtentReporter.java:85)
	at com.framework.utils.ExtentReporter.reportStep(ExtentReporter.java:118)
	at com.framework.selenium.api.base.SeleniumBase.takeSnap(SeleniumBase.java:966)
	at com.framework.utils.ExtentReporter.reportStep(ExtentReporter.java:85)
	at com.framework.utils.ExtentReporter.reportStep(ExtentReporter.java:118)
	at com.framework.selenium.api.base.SeleniumBase.takeSnap(SeleniumBase.java:966)
	at com.framework.utils.ExtentReporter.reportStep(ExtentReporter.java:85)
	at com.framework.utils.ExtentReporter.reportStep(ExtentReporter.java:118)
	at com.framework.selenium.api.base.SeleniumBase.takeSnap(SeleniumBase.java:966)
	at com.framework.utils.ExtentReporter.reportStep(ExtentReporter.java:85)
	at com.framework.utils.ExtentReporter.reportStep(ExtentReporter.java:118)
	at com.framework.selenium.api.base.SeleniumBase.takeSnap(SeleniumBase.java:966)
	at com.framework.utils.ExtentReporter.reportStep(ExtentReporter.java:85)
	at com.framework.utils.ExtentReporter.reportStep(ExtentReporter.java:118)
	at com.framework.selenium.api.base.SeleniumBase.takeSnap(SeleniumBase.java:966)
	at com.framework.utils.ExtentReporter.reportStep(ExtentReporter.java:85)
	at com.framework.utils.ExtentReporter.reportStep(ExtentReporter.java:118)
	at com.framework.selenium.api.base.SeleniumBase.takeSnap(SeleniumBase.java:966)
	at com.framework.utils.ExtentReporter.reportStep(ExtentReporter.java:85)
	at com.framework.utils.ExtentReporter.reportStep(ExtentReporter.java:118)
	at com.framework.selenium.api.base.SeleniumBase.takeSnap(SeleniumBase.java:966)
	at com.framework.utils.ExtentReporter.reportStep(ExtentReporter.java:85)
	at com.framework.utils.ExtentReporter.reportStep(ExtentReporter.java:118)
	at com.framework.selenium.api.base.SeleniumBase.takeSnap(SeleniumBase.java:966)
	at com.framework.utils.ExtentReporter.reportStep(ExtentReporter.java:85)
	at com.framework.utils.ExtentReporter.reportStep(ExtentReporter.java:118)
	at com.framework.selenium.api.base.SeleniumBase.takeSnap(SeleniumBase.java:966)
	at com.framework.utils.ExtentReporter.reportStep(ExtentReporter.java:85)
	at com.framework.utils.ExtentReporter.reportStep(ExtentReporter.java:118)
	at com.framework.selenium.api.base.SeleniumBase.takeSnap(SeleniumBase.java:966)
	at com.framework.utils.ExtentReporter.reportStep(ExtentReporter.java:85)
	at com.framework.utils.ExtentReporter.reportStep(ExtentReporter.java:118)
	at com.framework.selenium.api.base.SeleniumBase.takeSnap(SeleniumBase.java:966)
	at com.framework.utils.ExtentReporter.reportStep(ExtentReporter.java:85)
	at com.framework.utils.ExtentReporter.reportStep(ExtentReporter.java:118)
	at com.framework.selenium.api.base.SeleniumBase.takeSnap(SeleniumBase.java:966)
	at com.framework.utils.ExtentReporter.reportStep(ExtentReporter.java:85)
	at com.framework.utils.ExtentReporter.reportStep(ExtentReporter.java:118)
	at com.framework.selenium.api.base.SeleniumBase.takeSnap(SeleniumBase.java:966)
	at com.framework.utils.ExtentReporter.reportStep(ExtentReporter.java:85)
	at com.framework.utils.ExtentReporter.reportStep(ExtentReporter.java:118)
	at com.framework.selenium.api.base.SeleniumBase.takeSnap(SeleniumBase.java:966)
	at com.framework.utils.ExtentReporter.reportStep(ExtentReporter.java:85)
	at com.framework.utils.ExtentReporter.reportStep(ExtentReporter.java:118)
	at com.framework.selenium.api.base.SeleniumBase.takeSnap(SeleniumBase.java:966)
	at com.framework.utils.ExtentReporter.reportStep(ExtentReporter.java:85)
	at com.framework.utils.ExtentReporter.reportStep(ExtentReporter.java:118)
	at com.framework.selenium.api.base.SeleniumBase.takeSnap(SeleniumBase.java:966)
	at com.framework.utils.ExtentReporter.reportStep(ExtentReporter.java:85)
	at com.framework.utils.ExtentReporter.reportStep(ExtentReporter.java:118)
	at com.framework.selenium.api.base.SeleniumBase.takeSnap(SeleniumBase.java:966)
	at com.framework.utils.ExtentReporter.reportStep(ExtentReporter.java:85)
	at com.framework.utils.ExtentReporter.reportStep(ExtentReporter.java:118)
	at com.framework.selenium.api.base.SeleniumBase.takeSnap(SeleniumBase.java:966)
	at com.framework.utils.ExtentReporter.reportStep(ExtentReporter.java:85)
	at com.framework.utils.ExtentReporter.reportStep(ExtentReporter.java:118)
	at com.framework.selenium.api.base.SeleniumBase.takeSnap(SeleniumBase.java:966)
	at com.framework.utils.ExtentReporter.reportStep(ExtentReporter.java:85)
	at com.framework.utils.ExtentReporter.reportStep(ExtentReporter.java:118)
	at com.framework.selenium.api.base.SeleniumBase.takeSnap(SeleniumBase.java:966)
	at com.framework.utils.ExtentReporter.reportStep(ExtentReporter.java:85)
	at com.framework.utils.ExtentReporter.reportStep(ExtentReporter.java:118)
	at com.framework.selenium.api.base.SeleniumBase.takeSnap(SeleniumBase.java:966)
	at com.framework.utils.ExtentReporter.reportStep(ExtentReporter.java:85)
	at com.framework.utils.ExtentReporter.reportStep(ExtentReporter.java:118)
	at com.framework.selenium.api.base.SeleniumBase.takeSnap(SeleniumBase.java:966)
	at com.framework.utils.ExtentReporter.reportStep(ExtentReporter.java:85)
	at com.framework.utils.ExtentReporter.reportStep(ExtentReporter.java:118)
	at com.framework.selenium.api.base.SeleniumBase.takeSnap(SeleniumBase.java:966)
	at com.framework.utils.ExtentReporter.reportStep(ExtentReporter.java:85)
	at com.framework.utils.ExtentReporter.reportStep(ExtentReporter.java:118)
	at com.framework.selenium.api.base.SeleniumBase.takeSnap(SeleniumBase.java:966)
	at com.framework.utils.ExtentReporter.reportStep(ExtentReporter.java:85)
	at com.framework.utils.ExtentReporter.reportStep(ExtentReporter.java:118)
	at com.framework.selenium.api.base.SeleniumBase.takeSnap(SeleniumBase.java:966)
	at com.framework.utils.ExtentReporter.reportStep(ExtentReporter.java:85)
	at com.framework.utils.ExtentReporter.reportStep(ExtentReporter.java:118)
	at com.framework.selenium.api.base.SeleniumBase.takeSnap(SeleniumBase.java:966)
	at com.framework.utils.ExtentReporter.reportStep(ExtentReporter.java:85)
	at com.framework.utils.ExtentReporter.reportStep(ExtentReporter.java:118)
	at com.framework.selenium.api.base.SeleniumBase.takeSnap(SeleniumBase.java:966)
	at com.framework.utils.ExtentReporter.reportStep(ExtentReporter.java:85)
	at com.framework.utils.ExtentReporter.reportStep(ExtentReporter.java:118)
	at com.framework.selenium.api.base.SeleniumBase.takeSnap(SeleniumBase.java:966)
	at com.framework.utils.ExtentReporter.reportStep(ExtentReporter.java:85)
	at com.framework.utils.ExtentReporter.reportStep(ExtentReporter.java:118)
	at com.framework.selenium.api.base.SeleniumBase.takeSnap(SeleniumBase.java:966)
	at com.framework.utils.ExtentReporter.reportStep(ExtentReporter.java:85)
	at com.framework.utils.ExtentReporter.reportStep(ExtentReporter.java:118)
	at com.framework.selenium.api.base.SeleniumBase.takeSnap(SeleniumBase.java:966)
	at com.framework.utils.ExtentReporter.reportStep(ExtentReporter.java:85)
	at com.framework.utils.ExtentReporter.reportStep(ExtentReporter.java:118)
	at com.framework.selenium.api.base.SeleniumBase.takeSnap(SeleniumBase.java:966)
	at com.framework.utils.ExtentReporter.reportStep(ExtentReporter.java:85)
	at com.framework.utils.ExtentReporter.reportStep(ExtentReporter.java:118)
	at com.framework.selenium.api.base.SeleniumBase.takeSnap(SeleniumBase.java:966)
	at com.framework.utils.ExtentReporter.reportStep(ExtentReporter.java:85)
	at com.framework.utils.ExtentReporter.reportStep(ExtentReporter.java:118)
	at com.framework.selenium.api.base.SeleniumBase.takeSnap(SeleniumBase.java:966)
	at com.framework.utils.ExtentReporter.reportStep(ExtentReporter.java:85)
	at com.framework.utils.ExtentReporter.reportStep(ExtentReporter.java:118)
	at com.framework.selenium.api.base.SeleniumBase.takeSnap(SeleniumBase.java:966)
	at com.framework.utils.ExtentReporter.reportStep(ExtentReporter.java:85)
	at com.framework.utils.ExtentReporter.reportStep(ExtentReporter.java:118)
	at com.framework.selenium.api.base.SeleniumBase.takeSnap(SeleniumBase.java:966)
	at com.framework.utils.ExtentReporter.reportStep(ExtentReporter.java:85)
	at com.framework.utils.ExtentReporter.reportStep(ExtentReporter.java:118)
	at com.framework.selenium.api.base.SeleniumBase.takeSnap(SeleniumBase.java:966)
	at com.framework.utils.ExtentReporter.reportStep(ExtentReporter.java:85)
	at com.framework.utils.ExtentReporter.reportStep(ExtentReporter.java:118)
	at com.framework.selenium.api.base.SeleniumBase.takeSnap(SeleniumBase.java:966)
	at com.framework.utils.ExtentReporter.reportStep(ExtentReporter.java:85)
	at com.framework.utils.ExtentReporter.reportStep(ExtentReporter.java:118)
	at com.framework.selenium.api.base.SeleniumBase.takeSnap(SeleniumBase.java:966)
	at com.framework.utils.ExtentReporter.reportStep(ExtentReporter.java:85)
	at com.framework.utils.ExtentReporter.reportStep(ExtentReporter.java:118)
	at com.framework.selenium.api.base.SeleniumBase.takeSnap(SeleniumBase.java:966)
	at com.framework.utils.ExtentReporter.reportStep(ExtentReporter.java:85)
	at com.framework.utils.ExtentReporter.reportStep(ExtentReporter.java:118)
	at com.framework.selenium.api.base.SeleniumBase.takeSnap(SeleniumBase.java:966)
	at com.framework.utils.ExtentReporter.reportStep(ExtentReporter.java:85)
	at com.framework.utils.ExtentReporter.reportStep(ExtentReporter.java:118)
	at com.framework.selenium.api.base.SeleniumBase.takeSnap(SeleniumBase.java:966)
	at com.framework.utils.ExtentReporter.reportStep(ExtentReporter.java:85)
	at com.framework.utils.ExtentReporter.reportStep(ExtentReporter.java:118)
	at com.framework.selenium.api.base.SeleniumBase.takeSnap(SeleniumBase.java:966)
	at com.framework.utils.ExtentReporter.reportStep(ExtentReporter.java:85)
	at com.framework.utils.ExtentReporter.reportStep(ExtentReporter.java:118)
	at com.framework.selenium.api.base.SeleniumBase.takeSnap(SeleniumBase.java:966)
	at com.framework.utils.ExtentReporter.reportStep(ExtentReporter.java:85)
	at com.framework.utils.ExtentReporter.reportStep(ExtentReporter.java:118)
	at com.framework.selenium.api.base.SeleniumBase.takeSnap(SeleniumBase.java:966)
	at com.framework.utils.ExtentReporter.reportStep(ExtentReporter.java:85)
	at com.framework.utils.ExtentReporter.reportStep(ExtentReporter.java:118)
	at com.framework.selenium.api.base.SeleniumBase.takeSnap(SeleniumBase.java:966)
	at com.framework.utils.ExtentReporter.reportStep(ExtentReporter.java:85)
	at com.framework.utils.ExtentReporter.reportStep(ExtentReporter.java:118)
	at com.framework.selenium.api.base.SeleniumBase.takeSnap(SeleniumBase.java:966)
	at com.framework.utils.ExtentReporter.reportStep(ExtentReporter.java:85)
	at com.framework.utils.ExtentReporter.reportStep(ExtentReporter.java:118)
	at com.framework.selenium.api.base.SeleniumBase.takeSnap(SeleniumBase.java:966)
	at com.framework.utils.ExtentReporter.reportStep(ExtentReporter.java:85)
	at com.framework.utils.ExtentReporter.reportStep(ExtentReporter.java:118)
	at com.framework.selenium.api.base.SeleniumBase.takeSnap(SeleniumBase.java:966)
	at com.framework.utils.ExtentReporter.reportStep(ExtentReporter.java:85)
	at com.framework.utils.ExtentReporter.reportStep(ExtentReporter.java:118)
	at com.framework.selenium.api.base.SeleniumBase.takeSnap(SeleniumBase.java:966)
	at com.framework.utils.ExtentReporter.reportStep(ExtentReporter.java:85)
	at com.framework.utils.ExtentReporter.reportStep(ExtentReporter.java:118)
	at com.framework.selenium.api.base.SeleniumBase.takeSnap(SeleniumBase.java:966)
	at com.framework.utils.ExtentReporter.reportStep(ExtentReporter.java:85)
	at com.framework.utils.ExtentReporter.reportStep(ExtentReporter.java:118)
	at com.framework.selenium.api.base.SeleniumBase.takeSnap(SeleniumBase.java:966)
	at com.framework.utils.ExtentReporter.reportStep(ExtentReporter.java:85)
	at com.framework.utils.ExtentReporter.reportStep(ExtentReporter.java:118)
	at com.framework.selenium.api.base.SeleniumBase.takeSnap(SeleniumBase.java:966)
	at com.framework.utils.ExtentReporter.reportStep(ExtentReporter.java:85)
	at com.framework.utils.ExtentReporter.reportStep(ExtentReporter.java:118)
	at com.framework.selenium.api.base.SeleniumBase.takeSnap(SeleniumBase.java:966)
	at com.framework.utils.ExtentReporter.reportStep(ExtentReporter.java:85)
	at com.framework.utils.ExtentReporter.reportStep(ExtentReporter.java:118)
	at com.framework.selenium.api.base.SeleniumBase.takeSnap(SeleniumBase.java:966)
	at com.framework.utils.ExtentReporter.reportStep(ExtentReporter.java:85)
	at com.framework.utils.ExtentReporter.reportStep(ExtentReporter.java:118)
	at com.framework.selenium.api.base.SeleniumBase.takeSnap(SeleniumBase.java:966)
	at com.framework.utils.ExtentReporter.reportStep(ExtentReporter.java:85)
	at com.framework.utils.ExtentReporter.reportStep(ExtentReporter.java:118)
	at com.framework.selenium.api.base.SeleniumBase.takeSnap(SeleniumBase.java:966)
	at com.framework.utils.ExtentReporter.reportStep(ExtentReporter.java:85)
	at com.framework.utils.ExtentReporter.reportStep(ExtentReporter.java:118)
	at com.framework.selenium.api.base.SeleniumBase.takeSnap(SeleniumBase.java:966)
	at com.framework.utils.ExtentReporter.reportStep(ExtentReporter.java:85)
	at com.framework.utils.ExtentReporter.reportStep(ExtentReporter.java:118)
	at com.framework.selenium.api.base.SeleniumBase.takeSnap(SeleniumBase.java:966)
	at com.framework.utils.ExtentReporter.reportStep(ExtentReporter.java:85)
	at com.framework.utils.ExtentReporter.reportStep(ExtentReporter.java:118)
	at com.framework.selenium.api.base.SeleniumBase.takeSnap(SeleniumBase.java:966)
	at com.framework.utils.ExtentReporter.reportStep(ExtentReporter.java:85)
	at com.framework.utils.ExtentReporter.reportStep(ExtentReporter.java:118)
	at com.framework.selenium.api.base.SeleniumBase.takeSnap(SeleniumBase.java:966)
	at com.framework.utils.ExtentReporter.reportStep(ExtentReporter.java:85)
	at com.framework.utils.ExtentReporter.reportStep(ExtentReporter.java:118)
	at com.framework.selenium.api.base.SeleniumBase.takeSnap(SeleniumBase.java:966)
	at com.framework.utils.ExtentReporter.reportStep(ExtentReporter.java:85)
	at com.framework.utils.ExtentReporter.reportStep(ExtentReporter.java:118)
	at com.framework.selenium.api.base.SeleniumBase.takeSnap(SeleniumBase.java:966)
	at com.framework.utils.ExtentReporter.reportStep(ExtentReporter.java:85)
	at com.framework.utils.ExtentReporter.reportStep(ExtentReporter.java:118)
	at com.framework.selenium.api.base.SeleniumBase.takeSnap(SeleniumBase.java:966)
	at com.framework.utils.ExtentReporter.reportStep(ExtentReporter.java:85)
	at com.framework.utils.ExtentReporter.reportStep(ExtentReporter.java:118)
	at com.framework.selenium.api.base.SeleniumBase.takeSnap(SeleniumBase.java:966)
	at com.framework.utils.ExtentReporter.reportStep(ExtentReporter.java:85)
	at com.framework.utils.ExtentReporter.reportStep(ExtentReporter.java:118)
	at com.framework.selenium.api.base.SeleniumBase.takeSnap(SeleniumBase.java:966)
	at com.framework.utils.ExtentReporter.reportStep(ExtentReporter.java:85)
	at com.framework.utils.ExtentReporter.reportStep(ExtentReporter.java:118)
	at com.framework.selenium.api.base.SeleniumBase.takeSnap(SeleniumBase.java:966)
	at com.framework.utils.ExtentReporter.reportStep(ExtentReporter.java:85)
	at com.framework.utils.ExtentReporter.reportStep(ExtentReporter.java:118)
	at com.framework.selenium.api.base.SeleniumBase.takeSnap(SeleniumBase.java:966)
	at com.framework.utils.ExtentReporter.reportStep(ExtentReporter.java:85)
	at com.framework.utils.ExtentReporter.reportStep(ExtentReporter.java:118)
	at com.framework.selenium.api.base.SeleniumBase.takeSnap(SeleniumBase.java:966)
	at com.framework.utils.ExtentReporter.reportStep(ExtentReporter.java:85)
	at com.framework.utils.ExtentReporter.reportStep(ExtentReporter.java:118)
	at com.framework.selenium.api.base.SeleniumBase.takeSnap(SeleniumBase.java:966)
	at com.framework.utils.ExtentReporter.reportStep(ExtentReporter.java:85)
	at com.framework.utils.ExtentReporter.reportStep(ExtentReporter.java:118)
	at com.framework.selenium.api.base.SeleniumBase.takeSnap(SeleniumBase.java:966)
	at com.framework.utils.ExtentReporter.reportStep(ExtentReporter.java:85)
	at com.framework.utils.ExtentReporter.reportStep(ExtentReporter.java:118)
	at com.framework.selenium.api.base.SeleniumBase.takeSnap(SeleniumBase.java:966)
	at com.framework.utils.ExtentReporter.reportStep(ExtentReporter.java:85)
	at com.framework.utils.ExtentReporter.reportStep(ExtentReporter.java:118)
	at com.framework.selenium.api.base.SeleniumBase.takeSnap(SeleniumBase.java:966)
	at com.framework.utils.ExtentReporter.reportStep(ExtentReporter.java:85)
	at com.framework.utils.ExtentReporter.reportStep(ExtentReporter.java:118)
	at com.framework.selenium.api.base.SeleniumBase.takeSnap(SeleniumBase.java:966)
	at com.framework.utils.ExtentReporter.reportStep(ExtentReporter.java:85)
	at com.framework.utils.ExtentReporter.reportStep(ExtentReporter.java:118)
	at com.framework.selenium.api.base.SeleniumBase.takeSnap(SeleniumBase.java:966)
	at com.framework.utils.ExtentReporter.reportStep(ExtentReporter.java:85)
	at com.framework.utils.ExtentReporter.reportStep(ExtentReporter.java:118)
	at com.framework.selenium.api.base.SeleniumBase.takeSnap(SeleniumBase.java:966)
	at com.framework.utils.ExtentReporter.reportStep(ExtentReporter.java:85)
	at com.framework.utils.ExtentReporter.reportStep(ExtentReporter.java:118)
	at com.framework.selenium.api.base.SeleniumBase.takeSnap(SeleniumBase.java:966)
	at com.framework.utils.ExtentReporter.reportStep(ExtentReporter.java:85)
	at com.framework.utils.ExtentReporter.reportStep(ExtentReporter.java:118)
	at com.framework.selenium.api.base.SeleniumBase.takeSnap(SeleniumBase.java:966)
	at com.framework.utils.ExtentReporter.reportStep(ExtentReporter.java:85)
	at com.framework.utils.ExtentReporter.reportStep(ExtentReporter.java:118)
	at com.framework.selenium.api.base.SeleniumBase.takeSnap(SeleniumBase.java:966)
	at com.framework.utils.ExtentReporter.reportStep(ExtentReporter.java:85)
	at com.framework.utils.ExtentReporter.reportStep(ExtentReporter.java:118)
	at com.framework.selenium.api.base.SeleniumBase.takeSnap(SeleniumBase.java:966)
	at com.framework.utils.ExtentReporter.reportStep(ExtentReporter.java:85)
	at com.framework.utils.ExtentReporter.reportStep(ExtentReporter.java:118)
	at com.framework.selenium.api.base.SeleniumBase.takeSnap(SeleniumBase.java:966)
	at com.framework.utils.ExtentReporter.reportStep(ExtentReporter.java:85)
	at com.framework.utils.ExtentReporter.reportStep(ExtentReporter.java:118)
	at com.framework.selenium.api.base.SeleniumBase.takeSnap(SeleniumBase.java:966)
]]>
    </error>
  </testcase> <!-- runTests -->
</testsuite> <!-- com.leaftaps.testcases.OneMg_CEFOPERAZONE1GM_SULBACTUM_500MG -->
