<?xml version="1.0" encoding="UTF-8"?>
<!-- Generated by org.testng.reporters.JUnitReportReporter -->
<testsuite ignored="0" hostname="DESKTOP-2PIKAKN" failures="0" tests="1" name="com.leaftaps.testcases.OneMg_PIPERACILLIN4GM_TAZOBACTUM500MG" time="180.528" errors="0" timestamp="24 Sep 2023 15:31:09 GMT" skipped="0">
  <testcase classname="com.leaftaps.testcases.OneMg_PIPERACILLIN4GM_TAZOBACTUM500MG" name="runTests" time="180.528"/>
</testsuite> <!-- com.leaftaps.testcases.OneMg_PIPERACILLIN4GM_TAZOBACTUM500MG -->
