<?xml version="1.0" encoding="UTF-8"?>
<!-- Generated by org.testng.reporters.JUnitReportReporter -->
<testsuite ignored="0" hostname="DESKTOP-2PIKAKN" failures="0" tests="1" name="com.leaftaps.testcases.OneMg_DOXYCYCLINE_100MG" time="5280.745" errors="0" timestamp="24 Sep 2023 04:21:48 GMT" skipped="0">
  <testcase classname="com.leaftaps.testcases.OneMg_DOXYCYCLINE_100MG" name="runTests" time="5280.745"/>
</testsuite> <!-- com.leaftaps.testcases.OneMg_DOXYCYCLINE_100MG -->
