<?xml version="1.0" encoding="UTF-8"?>
<!-- Generated by org.testng.reporters.JUnitReportReporter -->
<testsuite ignored="0" hostname="DESKTOP-2PIKAKN" failures="0" tests="2" name="com.leaftaps.testcases.ReadAndWrite" time="88.358" errors="0" timestamp="12 Sep 2023 07:16:36 GMT" skipped="0">
  <testcase classname="com.leaftaps.testcases.ReadAndWrite" name="runTests" time="46.759"/>
  <testcase classname="com.leaftaps.testcases.ReadAndWrite" name="runTests" time="41.599"/>
</testsuite> <!-- com.leaftaps.testcases.ReadAndWrite -->
