<?xml version="1.0" encoding="UTF-8"?>
<!-- Generated by org.testng.reporters.JUnitReportReporter -->
<testsuite ignored="0" hostname="DESKTOP-2PIKAKN" failures="0" tests="1" name="com.leaftaps.testcases.TC001_JustLogin" time="62.363" errors="0" timestamp="12 Sep 2023 04:43:16 GMT" skipped="0">
  <testcase classname="com.leaftaps.testcases.TC001_JustLogin" name="runLogin" time="62.363"/>
</testsuite> <!-- com.leaftaps.testcases.TC001_JustLogin -->
