<?xml version="1.0" encoding="UTF-8"?>
<!-- Generated by org.testng.reporters.JUnitReportReporter -->
<testsuite ignored="0" hostname="DESKTOP-2PIKAKN" failures="0" tests="1" name="com.leaftaps.testcases.OneMg_TEICOPLANIN400MG" time="1187.888" errors="0" timestamp="24 Sep 2023 15:56:25 GMT" skipped="0">
  <testcase classname="com.leaftaps.testcases.OneMg_TEICOPLANIN400MG" name="runTests" time="1187.888"/>
</testsuite> <!-- com.leaftaps.testcases.OneMg_TEICOPLANIN400MG -->
