<?xml version="1.0" encoding="UTF-8"?>
<!-- Generated by org.testng.reporters.JUnitReportReporter -->
<testsuite ignored="0" hostname="DESKTOP-2PIKAKN" failures="0" tests="1" name="com.leaftaps.testcases.OneMg_VANCOMYCIN1GM" time="149.215" errors="0" timestamp="24 Sep 2023 18:18:33 GMT" skipped="0">
  <testcase classname="com.leaftaps.testcases.OneMg_VANCOMYCIN1GM" name="runTests" time="149.215"/>
</testsuite> <!-- com.leaftaps.testcases.OneMg_VANCOMYCIN1GM -->
