<?xml version="1.0" encoding="UTF-8"?>
<!-- Generated by org.testng.reporters.JUnitReportReporter -->
<testsuite ignored="0" hostname="DESKTOP-2PIKAKN" failures="0" tests="1" name="com.leaftaps.testcases.ReadAndWrite" time="488.132" errors="0" timestamp="21 Sep 2023 17:30:30 GMT" skipped="0">
  <testcase classname="com.leaftaps.testcases.ReadAndWrite" name="runTests" time="488.132"/>
</testsuite> <!-- com.leaftaps.testcases.ReadAndWrite -->
