<?xml version="1.0" encoding="UTF-8"?>
<!-- Generated by org.testng.reporters.JUnitReportReporter -->
<testsuite ignored="0" hostname="DESKTOP-2PIKAKN" failures="0" tests="1" name="com.leaftaps.testcases.ReadAndWrite" time="905.987" errors="0" timestamp="22 Sep 2023 10:33:26 GMT" skipped="0">
  <testcase classname="com.leaftaps.testcases.ReadAndWrite" name="runTests" time="905.987"/>
</testsuite> <!-- com.leaftaps.testcases.ReadAndWrite -->
