<?xml version="1.0" encoding="UTF-8"?>
<!-- Generated by org.testng.reporters.JUnitReportReporter -->
<testsuite ignored="0" hostname="DESKTOP-2PIKAKN" failures="0" tests="2" name="com.leaftaps.testcases.ReadAndWrite" time="86.066" errors="0" timestamp="12 Sep 2023 07:18:32 GMT" skipped="0">
  <testcase classname="com.leaftaps.testcases.ReadAndWrite" name="runTests" time="44.182"/>
  <testcase classname="com.leaftaps.testcases.ReadAndWrite" name="runTests" time="41.884"/>
</testsuite> <!-- com.leaftaps.testcases.ReadAndWrite -->
