<?xml version="1.0" encoding="UTF-8"?>
<!-- Generated by org.testng.reporters.JUnitReportReporter -->
<testsuite ignored="0" hostname="DESKTOP-2PIKAKN" failures="0" tests="2" name="com.leaftaps.testcases.ReadAndWrite" time="23.438" errors="2" timestamp="22 Sep 2023 10:14:27 GMT" skipped="0">
  <testcase classname="com.leaftaps.testcases.ReadAndWrite" name="postCondition" time="16.255">
    <error message="See the reporter for details." type="java.lang.RuntimeException">
      <![CDATA[java.lang.RuntimeException: See the reporter for details.
	at com.framework.utils.ExtentReporter.reportStep(ExtentReporter.java:94)
	at com.framework.selenium.api.base.SeleniumBase.close(SeleniumBase.java:948)
	at com.framework.testng.api.base.ProjectHooks.postCondition(ProjectHooks.java:27)
	at java.base/jdk.internal.reflect.NativeMethodAccessorImpl.invoke0(Native Method)
	at java.base/jdk.internal.reflect.NativeMethodAccessorImpl.invoke(NativeMethodAccessorImpl.java:77)
	at java.base/jdk.internal.reflect.DelegatingMethodAccessorImpl.invoke(DelegatingMethodAccessorImpl.java:43)
	at java.base/java.lang.reflect.Method.invoke(Method.java:568)
	at org.testng.internal.MethodInvocationHelper.invokeMethod(MethodInvocationHelper.java:104)
	at org.testng.internal.Invoker.invokeConfigurationMethod(Invoker.java:515)
	at org.testng.internal.Invoker.invokeConfigurations(Invoker.java:217)
	at org.testng.internal.Invoker.invokeMethod(Invoker.java:712)
	at org.testng.internal.Invoker.invokeTestMethod(Invoker.java:851)
	at org.testng.internal.Invoker.invokeTestMethods(Invoker.java:1177)
	at org.testng.internal.TestMethodWorker.invokeTestMethods(TestMethodWorker.java:129)
	at org.testng.internal.TestMethodWorker.run(TestMethodWorker.java:112)
	at org.testng.TestRunner.privateRun(TestRunner.java:756)
	at org.testng.TestRunner.run(TestRunner.java:610)
	at org.testng.SuiteRunner.runTest(SuiteRunner.java:387)
	at org.testng.SuiteRunner.runSequentially(SuiteRunner.java:382)
	at org.testng.SuiteRunner.privateRun(SuiteRunner.java:340)
	at org.testng.SuiteRunner.run(SuiteRunner.java:289)
	at org.testng.SuiteRunnerWorker.runSuite(SuiteRunnerWorker.java:52)
	at org.testng.SuiteRunnerWorker.run(SuiteRunnerWorker.java:86)
	at org.testng.TestNG.runSuitesSequentially(TestNG.java:1293)
	at org.testng.TestNG.runSuitesLocally(TestNG.java:1218)
	at org.testng.TestNG.runSuites(TestNG.java:1133)
	at org.testng.TestNG.run(TestNG.java:1104)
	at org.apache.maven.surefire.testng.TestNGExecutor.run(TestNGExecutor.java:308)
	at org.apache.maven.surefire.testng.TestNGXmlTestSuite.execute(TestNGXmlTestSuite.java:71)
	at org.apache.maven.surefire.testng.TestNGProvider.invoke(TestNGProvider.java:113)
	at org.apache.maven.surefire.booter.ForkedBooter.runSuitesInProcess(ForkedBooter.java:385)
	at org.apache.maven.surefire.booter.ForkedBooter.execute(ForkedBooter.java:162)
	at org.apache.maven.surefire.booter.ForkedBooter.run(ForkedBooter.java:507)
	at org.apache.maven.surefire.booter.ForkedBooter.main(ForkedBooter.java:495)
]]>
    </error>
  </testcase> <!-- postCondition -->
  <testcase classname="com.leaftaps.testcases.ReadAndWrite" name="runTests" time="7.183">
    <error type="java.lang.StackOverflowError">
      <![CDATA[java.lang.StackOverflowError
	at org.openqa.selenium.remote.RemoteWebDriver.execute(RemoteWebDriver.java:636)
	at org.openqa.selenium.remote.RemoteWebDriver.execute(RemoteWebDriver.java:675)
	at org.openqa.selenium.remote.RemoteWebDriver.execute(RemoteWebDriver.java:679)
	at org.openqa.selenium.remote.RemoteWebDriver.getScreenshotAs(RemoteWebDriver.java:325)
	at com.framework.selenium.api.base.SeleniumBase.takeSnap(SeleniumBase.java:932)
	at com.framework.utils.ExtentReporter.reportStep(ExtentReporter.java:82)
	at com.framework.utils.ExtentReporter.reportStep(ExtentReporter.java:115)
	at com.framework.selenium.api.base.SeleniumBase.takeSnap(SeleniumBase.java:935)
	at com.framework.utils.ExtentReporter.reportStep(ExtentReporter.java:82)
	at com.framework.utils.ExtentReporter.reportStep(ExtentReporter.java:115)
	at com.framework.selenium.api.base.SeleniumBase.takeSnap(SeleniumBase.java:935)
	at com.framework.utils.ExtentReporter.reportStep(ExtentReporter.java:82)
	at com.framework.utils.ExtentReporter.reportStep(ExtentReporter.java:115)
	at com.framework.selenium.api.base.SeleniumBase.takeSnap(SeleniumBase.java:935)
	at com.framework.utils.ExtentReporter.reportStep(ExtentReporter.java:82)
	at com.framework.utils.ExtentReporter.reportStep(ExtentReporter.java:115)
	at com.framework.selenium.api.base.SeleniumBase.takeSnap(SeleniumBase.java:935)
	at com.framework.utils.ExtentReporter.reportStep(ExtentReporter.java:82)
	at com.framework.utils.ExtentReporter.reportStep(ExtentReporter.java:115)
	at com.framework.selenium.api.base.SeleniumBase.takeSnap(SeleniumBase.java:935)
	at com.framework.utils.ExtentReporter.reportStep(ExtentReporter.java:82)
	at com.framework.utils.ExtentReporter.reportStep(ExtentReporter.java:115)
	at com.framework.selenium.api.base.SeleniumBase.takeSnap(SeleniumBase.java:935)
	at com.framework.utils.ExtentReporter.reportStep(ExtentReporter.java:82)
	at com.framework.utils.ExtentReporter.reportStep(ExtentReporter.java:115)
	at com.framework.selenium.api.base.SeleniumBase.takeSnap(SeleniumBase.java:935)
	at com.framework.utils.ExtentReporter.reportStep(ExtentReporter.java:82)
	at com.framework.utils.ExtentReporter.reportStep(ExtentReporter.java:115)
	at com.framework.selenium.api.base.SeleniumBase.takeSnap(SeleniumBase.java:935)
	at com.framework.utils.ExtentReporter.reportStep(ExtentReporter.java:82)
	at com.framework.utils.ExtentReporter.reportStep(ExtentReporter.java:115)
	at com.framework.selenium.api.base.SeleniumBase.takeSnap(SeleniumBase.java:935)
	at com.framework.utils.ExtentReporter.reportStep(ExtentReporter.java:82)
	at com.framework.utils.ExtentReporter.reportStep(ExtentReporter.java:115)
	at com.framework.selenium.api.base.SeleniumBase.takeSnap(SeleniumBase.java:935)
	at com.framework.utils.ExtentReporter.reportStep(ExtentReporter.java:82)
	at com.framework.utils.ExtentReporter.reportStep(ExtentReporter.java:115)
	at com.framework.selenium.api.base.SeleniumBase.takeSnap(SeleniumBase.java:935)
	at com.framework.utils.ExtentReporter.reportStep(ExtentReporter.java:82)
	at com.framework.utils.ExtentReporter.reportStep(ExtentReporter.java:115)
	at com.framework.selenium.api.base.SeleniumBase.takeSnap(SeleniumBase.java:935)
	at com.framework.utils.ExtentReporter.reportStep(ExtentReporter.java:82)
	at com.framework.utils.ExtentReporter.reportStep(ExtentReporter.java:115)
	at com.framework.selenium.api.base.SeleniumBase.takeSnap(SeleniumBase.java:935)
	at com.framework.utils.ExtentReporter.reportStep(ExtentReporter.java:82)
	at com.framework.utils.ExtentReporter.reportStep(ExtentReporter.java:115)
	at com.framework.selenium.api.base.SeleniumBase.takeSnap(SeleniumBase.java:935)
	at com.framework.utils.ExtentReporter.reportStep(ExtentReporter.java:82)
	at com.framework.utils.ExtentReporter.reportStep(ExtentReporter.java:115)
	at com.framework.selenium.api.base.SeleniumBase.takeSnap(SeleniumBase.java:935)
	at com.framework.utils.ExtentReporter.reportStep(ExtentReporter.java:82)
	at com.framework.utils.ExtentReporter.reportStep(ExtentReporter.java:115)
	at com.framework.selenium.api.base.SeleniumBase.takeSnap(SeleniumBase.java:935)
	at com.framework.utils.ExtentReporter.reportStep(ExtentReporter.java:82)
	at com.framework.utils.ExtentReporter.reportStep(ExtentReporter.java:115)
	at com.framework.selenium.api.base.SeleniumBase.takeSnap(SeleniumBase.java:935)
	at com.framework.utils.ExtentReporter.reportStep(ExtentReporter.java:82)
	at com.framework.utils.ExtentReporter.reportStep(ExtentReporter.java:115)
	at com.framework.selenium.api.base.SeleniumBase.takeSnap(SeleniumBase.java:935)
	at com.framework.utils.ExtentReporter.reportStep(ExtentReporter.java:82)
	at com.framework.utils.ExtentReporter.reportStep(ExtentReporter.java:115)
	at com.framework.selenium.api.base.SeleniumBase.takeSnap(SeleniumBase.java:935)
	at com.framework.utils.ExtentReporter.reportStep(ExtentReporter.java:82)
	at com.framework.utils.ExtentReporter.reportStep(ExtentReporter.java:115)
	at com.framework.selenium.api.base.SeleniumBase.takeSnap(SeleniumBase.java:935)
	at com.framework.utils.ExtentReporter.reportStep(ExtentReporter.java:82)
	at com.framework.utils.ExtentReporter.reportStep(ExtentReporter.java:115)
	at com.framework.selenium.api.base.SeleniumBase.takeSnap(SeleniumBase.java:935)
	at com.framework.utils.ExtentReporter.reportStep(ExtentReporter.java:82)
	at com.framework.utils.ExtentReporter.reportStep(ExtentReporter.java:115)
	at com.framework.selenium.api.base.SeleniumBase.takeSnap(SeleniumBase.java:935)
	at com.framework.utils.ExtentReporter.reportStep(ExtentReporter.java:82)
	at com.framework.utils.ExtentReporter.reportStep(ExtentReporter.java:115)
	at com.framework.selenium.api.base.SeleniumBase.takeSnap(SeleniumBase.java:935)
	at com.framework.utils.ExtentReporter.reportStep(ExtentReporter.java:82)
	at com.framework.utils.ExtentReporter.reportStep(ExtentReporter.java:115)
	at com.framework.selenium.api.base.SeleniumBase.takeSnap(SeleniumBase.java:935)
	at com.framework.utils.ExtentReporter.reportStep(ExtentReporter.java:82)
	at com.framework.utils.ExtentReporter.reportStep(ExtentReporter.java:115)
	at com.framework.selenium.api.base.SeleniumBase.takeSnap(SeleniumBase.java:935)
	at com.framework.utils.ExtentReporter.reportStep(ExtentReporter.java:82)
	at com.framework.utils.ExtentReporter.reportStep(ExtentReporter.java:115)
	at com.framework.selenium.api.base.SeleniumBase.takeSnap(SeleniumBase.java:935)
	at com.framework.utils.ExtentReporter.reportStep(ExtentReporter.java:82)
	at com.framework.utils.ExtentReporter.reportStep(ExtentReporter.java:115)
	at com.framework.selenium.api.base.SeleniumBase.takeSnap(SeleniumBase.java:935)
	at com.framework.utils.ExtentReporter.reportStep(ExtentReporter.java:82)
	at com.framework.utils.ExtentReporter.reportStep(ExtentReporter.java:115)
	at com.framework.selenium.api.base.SeleniumBase.takeSnap(SeleniumBase.java:935)
	at com.framework.utils.ExtentReporter.reportStep(ExtentReporter.java:82)
	at com.framework.utils.ExtentReporter.reportStep(ExtentReporter.java:115)
	at com.framework.selenium.api.base.SeleniumBase.takeSnap(SeleniumBase.java:935)
	at com.framework.utils.ExtentReporter.reportStep(ExtentReporter.java:82)
	at com.framework.utils.ExtentReporter.reportStep(ExtentReporter.java:115)
	at com.framework.selenium.api.base.SeleniumBase.takeSnap(SeleniumBase.java:935)
	at com.framework.utils.ExtentReporter.reportStep(ExtentReporter.java:82)
	at com.framework.utils.ExtentReporter.reportStep(ExtentReporter.java:115)
	at com.framework.selenium.api.base.SeleniumBase.takeSnap(SeleniumBase.java:935)
	at com.framework.utils.ExtentReporter.reportStep(ExtentReporter.java:82)
	at com.framework.utils.ExtentReporter.reportStep(ExtentReporter.java:115)
	at com.framework.selenium.api.base.SeleniumBase.takeSnap(SeleniumBase.java:935)
	at com.framework.utils.ExtentReporter.reportStep(ExtentReporter.java:82)
	at com.framework.utils.ExtentReporter.reportStep(ExtentReporter.java:115)
	at com.framework.selenium.api.base.SeleniumBase.takeSnap(SeleniumBase.java:935)
	at com.framework.utils.ExtentReporter.reportStep(ExtentReporter.java:82)
	at com.framework.utils.ExtentReporter.reportStep(ExtentReporter.java:115)
	at com.framework.selenium.api.base.SeleniumBase.takeSnap(SeleniumBase.java:935)
	at com.framework.utils.ExtentReporter.reportStep(ExtentReporter.java:82)
	at com.framework.utils.ExtentReporter.reportStep(ExtentReporter.java:115)
	at com.framework.selenium.api.base.SeleniumBase.takeSnap(SeleniumBase.java:935)
	at com.framework.utils.ExtentReporter.reportStep(ExtentReporter.java:82)
	at com.framework.utils.ExtentReporter.reportStep(ExtentReporter.java:115)
	at com.framework.selenium.api.base.SeleniumBase.takeSnap(SeleniumBase.java:935)
	at com.framework.utils.ExtentReporter.reportStep(ExtentReporter.java:82)
	at com.framework.utils.ExtentReporter.reportStep(ExtentReporter.java:115)
	at com.framework.selenium.api.base.SeleniumBase.takeSnap(SeleniumBase.java:935)
	at com.framework.utils.ExtentReporter.reportStep(ExtentReporter.java:82)
	at com.framework.utils.ExtentReporter.reportStep(ExtentReporter.java:115)
	at com.framework.selenium.api.base.SeleniumBase.takeSnap(SeleniumBase.java:935)
	at com.framework.utils.ExtentReporter.reportStep(ExtentReporter.java:82)
	at com.framework.utils.ExtentReporter.reportStep(ExtentReporter.java:115)
	at com.framework.selenium.api.base.SeleniumBase.takeSnap(SeleniumBase.java:935)
	at com.framework.utils.ExtentReporter.reportStep(ExtentReporter.java:82)
	at com.framework.utils.ExtentReporter.reportStep(ExtentReporter.java:115)
	at com.framework.selenium.api.base.SeleniumBase.takeSnap(SeleniumBase.java:935)
	at com.framework.utils.ExtentReporter.reportStep(ExtentReporter.java:82)
	at com.framework.utils.ExtentReporter.reportStep(ExtentReporter.java:115)
	at com.framework.selenium.api.base.SeleniumBase.takeSnap(SeleniumBase.java:935)
	at com.framework.utils.ExtentReporter.reportStep(ExtentReporter.java:82)
	at com.framework.utils.ExtentReporter.reportStep(ExtentReporter.java:115)
	at com.framework.selenium.api.base.SeleniumBase.takeSnap(SeleniumBase.java:935)
	at com.framework.utils.ExtentReporter.reportStep(ExtentReporter.java:82)
	at com.framework.utils.ExtentReporter.reportStep(ExtentReporter.java:115)
	at com.framework.selenium.api.base.SeleniumBase.takeSnap(SeleniumBase.java:935)
	at com.framework.utils.ExtentReporter.reportStep(ExtentReporter.java:82)
	at com.framework.utils.ExtentReporter.reportStep(ExtentReporter.java:115)
	at com.framework.selenium.api.base.SeleniumBase.takeSnap(SeleniumBase.java:935)
	at com.framework.utils.ExtentReporter.reportStep(ExtentReporter.java:82)
	at com.framework.utils.ExtentReporter.reportStep(ExtentReporter.java:115)
	at com.framework.selenium.api.base.SeleniumBase.takeSnap(SeleniumBase.java:935)
	at com.framework.utils.ExtentReporter.reportStep(ExtentReporter.java:82)
	at com.framework.utils.ExtentReporter.reportStep(ExtentReporter.java:115)
	at com.framework.selenium.api.base.SeleniumBase.takeSnap(SeleniumBase.java:935)
	at com.framework.utils.ExtentReporter.reportStep(ExtentReporter.java:82)
	at com.framework.utils.ExtentReporter.reportStep(ExtentReporter.java:115)
	at com.framework.selenium.api.base.SeleniumBase.takeSnap(SeleniumBase.java:935)
	at com.framework.utils.ExtentReporter.reportStep(ExtentReporter.java:82)
	at com.framework.utils.ExtentReporter.reportStep(ExtentReporter.java:115)
	at com.framework.selenium.api.base.SeleniumBase.takeSnap(SeleniumBase.java:935)
	at com.framework.utils.ExtentReporter.reportStep(ExtentReporter.java:82)
	at com.framework.utils.ExtentReporter.reportStep(ExtentReporter.java:115)
	at com.framework.selenium.api.base.SeleniumBase.takeSnap(SeleniumBase.java:935)
	at com.framework.utils.ExtentReporter.reportStep(ExtentReporter.java:82)
	at com.framework.utils.ExtentReporter.reportStep(ExtentReporter.java:115)
	at com.framework.selenium.api.base.SeleniumBase.takeSnap(SeleniumBase.java:935)
	at com.framework.utils.ExtentReporter.reportStep(ExtentReporter.java:82)
	at com.framework.utils.ExtentReporter.reportStep(ExtentReporter.java:115)
	at com.framework.selenium.api.base.SeleniumBase.takeSnap(SeleniumBase.java:935)
	at com.framework.utils.ExtentReporter.reportStep(ExtentReporter.java:82)
	at com.framework.utils.ExtentReporter.reportStep(ExtentReporter.java:115)
	at com.framework.selenium.api.base.SeleniumBase.takeSnap(SeleniumBase.java:935)
	at com.framework.utils.ExtentReporter.reportStep(ExtentReporter.java:82)
	at com.framework.utils.ExtentReporter.reportStep(ExtentReporter.java:115)
	at com.framework.selenium.api.base.SeleniumBase.takeSnap(SeleniumBase.java:935)
	at com.framework.utils.ExtentReporter.reportStep(ExtentReporter.java:82)
	at com.framework.utils.ExtentReporter.reportStep(ExtentReporter.java:115)
	at com.framework.selenium.api.base.SeleniumBase.takeSnap(SeleniumBase.java:935)
	at com.framework.utils.ExtentReporter.reportStep(ExtentReporter.java:82)
	at com.framework.utils.ExtentReporter.reportStep(ExtentReporter.java:115)
	at com.framework.selenium.api.base.SeleniumBase.takeSnap(SeleniumBase.java:935)
	at com.framework.utils.ExtentReporter.reportStep(ExtentReporter.java:82)
	at com.framework.utils.ExtentReporter.reportStep(ExtentReporter.java:115)
	at com.framework.selenium.api.base.SeleniumBase.takeSnap(SeleniumBase.java:935)
	at com.framework.utils.ExtentReporter.reportStep(ExtentReporter.java:82)
	at com.framework.utils.ExtentReporter.reportStep(ExtentReporter.java:115)
	at com.framework.selenium.api.base.SeleniumBase.takeSnap(SeleniumBase.java:935)
	at com.framework.utils.ExtentReporter.reportStep(ExtentReporter.java:82)
	at com.framework.utils.ExtentReporter.reportStep(ExtentReporter.java:115)
	at com.framework.selenium.api.base.SeleniumBase.takeSnap(SeleniumBase.java:935)
	at com.framework.utils.ExtentReporter.reportStep(ExtentReporter.java:82)
	at com.framework.utils.ExtentReporter.reportStep(ExtentReporter.java:115)
	at com.framework.selenium.api.base.SeleniumBase.takeSnap(SeleniumBase.java:935)
	at com.framework.utils.ExtentReporter.reportStep(ExtentReporter.java:82)
	at com.framework.utils.ExtentReporter.reportStep(ExtentReporter.java:115)
	at com.framework.selenium.api.base.SeleniumBase.takeSnap(SeleniumBase.java:935)
	at com.framework.utils.ExtentReporter.reportStep(ExtentReporter.java:82)
	at com.framework.utils.ExtentReporter.reportStep(ExtentReporter.java:115)
	at com.framework.selenium.api.base.SeleniumBase.takeSnap(SeleniumBase.java:935)
	at com.framework.utils.ExtentReporter.reportStep(ExtentReporter.java:82)
	at com.framework.utils.ExtentReporter.reportStep(ExtentReporter.java:115)
	at com.framework.selenium.api.base.SeleniumBase.takeSnap(SeleniumBase.java:935)
	at com.framework.utils.ExtentReporter.reportStep(ExtentReporter.java:82)
	at com.framework.utils.ExtentReporter.reportStep(ExtentReporter.java:115)
	at com.framework.selenium.api.base.SeleniumBase.takeSnap(SeleniumBase.java:935)
	at com.framework.utils.ExtentReporter.reportStep(ExtentReporter.java:82)
	at com.framework.utils.ExtentReporter.reportStep(ExtentReporter.java:115)
	at com.framework.selenium.api.base.SeleniumBase.takeSnap(SeleniumBase.java:935)
	at com.framework.utils.ExtentReporter.reportStep(ExtentReporter.java:82)
	at com.framework.utils.ExtentReporter.reportStep(ExtentReporter.java:115)
	at com.framework.selenium.api.base.SeleniumBase.takeSnap(SeleniumBase.java:935)
	at com.framework.utils.ExtentReporter.reportStep(ExtentReporter.java:82)
	at com.framework.utils.ExtentReporter.reportStep(ExtentReporter.java:115)
	at com.framework.selenium.api.base.SeleniumBase.takeSnap(SeleniumBase.java:935)
	at com.framework.utils.ExtentReporter.reportStep(ExtentReporter.java:82)
	at com.framework.utils.ExtentReporter.reportStep(ExtentReporter.java:115)
	at com.framework.selenium.api.base.SeleniumBase.takeSnap(SeleniumBase.java:935)
	at com.framework.utils.ExtentReporter.reportStep(ExtentReporter.java:82)
	at com.framework.utils.ExtentReporter.reportStep(ExtentReporter.java:115)
	at com.framework.selenium.api.base.SeleniumBase.takeSnap(SeleniumBase.java:935)
	at com.framework.utils.ExtentReporter.reportStep(ExtentReporter.java:82)
	at com.framework.utils.ExtentReporter.reportStep(ExtentReporter.java:115)
	at com.framework.selenium.api.base.SeleniumBase.takeSnap(SeleniumBase.java:935)
	at com.framework.utils.ExtentReporter.reportStep(ExtentReporter.java:82)
	at com.framework.utils.ExtentReporter.reportStep(ExtentReporter.java:115)
	at com.framework.selenium.api.base.SeleniumBase.takeSnap(SeleniumBase.java:935)
	at com.framework.utils.ExtentReporter.reportStep(ExtentReporter.java:82)
	at com.framework.utils.ExtentReporter.reportStep(ExtentReporter.java:115)
	at com.framework.selenium.api.base.SeleniumBase.takeSnap(SeleniumBase.java:935)
	at com.framework.utils.ExtentReporter.reportStep(ExtentReporter.java:82)
	at com.framework.utils.ExtentReporter.reportStep(ExtentReporter.java:115)
	at com.framework.selenium.api.base.SeleniumBase.takeSnap(SeleniumBase.java:935)
	at com.framework.utils.ExtentReporter.reportStep(ExtentReporter.java:82)
	at com.framework.utils.ExtentReporter.reportStep(ExtentReporter.java:115)
	at com.framework.selenium.api.base.SeleniumBase.takeSnap(SeleniumBase.java:935)
	at com.framework.utils.ExtentReporter.reportStep(ExtentReporter.java:82)
	at com.framework.utils.ExtentReporter.reportStep(ExtentReporter.java:115)
	at com.framework.selenium.api.base.SeleniumBase.takeSnap(SeleniumBase.java:935)
	at com.framework.utils.ExtentReporter.reportStep(ExtentReporter.java:82)
	at com.framework.utils.ExtentReporter.reportStep(ExtentReporter.java:115)
	at com.framework.selenium.api.base.SeleniumBase.takeSnap(SeleniumBase.java:935)
	at com.framework.utils.ExtentReporter.reportStep(ExtentReporter.java:82)
	at com.framework.utils.ExtentReporter.reportStep(ExtentReporter.java:115)
	at com.framework.selenium.api.base.SeleniumBase.takeSnap(SeleniumBase.java:935)
	at com.framework.utils.ExtentReporter.reportStep(ExtentReporter.java:82)
	at com.framework.utils.ExtentReporter.reportStep(ExtentReporter.java:115)
	at com.framework.selenium.api.base.SeleniumBase.takeSnap(SeleniumBase.java:935)
	at com.framework.utils.ExtentReporter.reportStep(ExtentReporter.java:82)
	at com.framework.utils.ExtentReporter.reportStep(ExtentReporter.java:115)
	at com.framework.selenium.api.base.SeleniumBase.takeSnap(SeleniumBase.java:935)
	at com.framework.utils.ExtentReporter.reportStep(ExtentReporter.java:82)
	at com.framework.utils.ExtentReporter.reportStep(ExtentReporter.java:115)
	at com.framework.selenium.api.base.SeleniumBase.takeSnap(SeleniumBase.java:935)
	at com.framework.utils.ExtentReporter.reportStep(ExtentReporter.java:82)
	at com.framework.utils.ExtentReporter.reportStep(ExtentReporter.java:115)
	at com.framework.selenium.api.base.SeleniumBase.takeSnap(SeleniumBase.java:935)
	at com.framework.utils.ExtentReporter.reportStep(ExtentReporter.java:82)
	at com.framework.utils.ExtentReporter.reportStep(ExtentReporter.java:115)
	at com.framework.selenium.api.base.SeleniumBase.takeSnap(SeleniumBase.java:935)
	at com.framework.utils.ExtentReporter.reportStep(ExtentReporter.java:82)
	at com.framework.utils.ExtentReporter.reportStep(ExtentReporter.java:115)
	at com.framework.selenium.api.base.SeleniumBase.takeSnap(SeleniumBase.java:935)
	at com.framework.utils.ExtentReporter.reportStep(ExtentReporter.java:82)
	at com.framework.utils.ExtentReporter.reportStep(ExtentReporter.java:115)
	at com.framework.selenium.api.base.SeleniumBase.takeSnap(SeleniumBase.java:935)
	at com.framework.utils.ExtentReporter.reportStep(ExtentReporter.java:82)
	at com.framework.utils.ExtentReporter.reportStep(ExtentReporter.java:115)
	at com.framework.selenium.api.base.SeleniumBase.takeSnap(SeleniumBase.java:935)
	at com.framework.utils.ExtentReporter.reportStep(ExtentReporter.java:82)
	at com.framework.utils.ExtentReporter.reportStep(ExtentReporter.java:115)
	at com.framework.selenium.api.base.SeleniumBase.takeSnap(SeleniumBase.java:935)
	at com.framework.utils.ExtentReporter.reportStep(ExtentReporter.java:82)
	at com.framework.utils.ExtentReporter.reportStep(ExtentReporter.java:115)
	at com.framework.selenium.api.base.SeleniumBase.takeSnap(SeleniumBase.java:935)
	at com.framework.utils.ExtentReporter.reportStep(ExtentReporter.java:82)
	at com.framework.utils.ExtentReporter.reportStep(ExtentReporter.java:115)
	at com.framework.selenium.api.base.SeleniumBase.takeSnap(SeleniumBase.java:935)
	at com.framework.utils.ExtentReporter.reportStep(ExtentReporter.java:82)
	at com.framework.utils.ExtentReporter.reportStep(ExtentReporter.java:115)
	at com.framework.selenium.api.base.SeleniumBase.takeSnap(SeleniumBase.java:935)
	at com.framework.utils.ExtentReporter.reportStep(ExtentReporter.java:82)
	at com.framework.utils.ExtentReporter.reportStep(ExtentReporter.java:115)
	at com.framework.selenium.api.base.SeleniumBase.takeSnap(SeleniumBase.java:935)
	at com.framework.utils.ExtentReporter.reportStep(ExtentReporter.java:82)
	at com.framework.utils.ExtentReporter.reportStep(ExtentReporter.java:115)
	at com.framework.selenium.api.base.SeleniumBase.takeSnap(SeleniumBase.java:935)
	at com.framework.utils.ExtentReporter.reportStep(ExtentReporter.java:82)
	at com.framework.utils.ExtentReporter.reportStep(ExtentReporter.java:115)
	at com.framework.selenium.api.base.SeleniumBase.takeSnap(SeleniumBase.java:935)
	at com.framework.utils.ExtentReporter.reportStep(ExtentReporter.java:82)
	at com.framework.utils.ExtentReporter.reportStep(ExtentReporter.java:115)
	at com.framework.selenium.api.base.SeleniumBase.takeSnap(SeleniumBase.java:935)
	at com.framework.utils.ExtentReporter.reportStep(ExtentReporter.java:82)
	at com.framework.utils.ExtentReporter.reportStep(ExtentReporter.java:115)
	at com.framework.selenium.api.base.SeleniumBase.takeSnap(SeleniumBase.java:935)
	at com.framework.utils.ExtentReporter.reportStep(ExtentReporter.java:82)
	at com.framework.utils.ExtentReporter.reportStep(ExtentReporter.java:115)
	at com.framework.selenium.api.base.SeleniumBase.takeSnap(SeleniumBase.java:935)
	at com.framework.utils.ExtentReporter.reportStep(ExtentReporter.java:82)
	at com.framework.utils.ExtentReporter.reportStep(ExtentReporter.java:115)
	at com.framework.selenium.api.base.SeleniumBase.takeSnap(SeleniumBase.java:935)
	at com.framework.utils.ExtentReporter.reportStep(ExtentReporter.java:82)
	at com.framework.utils.ExtentReporter.reportStep(ExtentReporter.java:115)
	at com.framework.selenium.api.base.SeleniumBase.takeSnap(SeleniumBase.java:935)
	at com.framework.utils.ExtentReporter.reportStep(ExtentReporter.java:82)
	at com.framework.utils.ExtentReporter.reportStep(ExtentReporter.java:115)
	at com.framework.selenium.api.base.SeleniumBase.takeSnap(SeleniumBase.java:935)
	at com.framework.utils.ExtentReporter.reportStep(ExtentReporter.java:82)
	at com.framework.utils.ExtentReporter.reportStep(ExtentReporter.java:115)
	at com.framework.selenium.api.base.SeleniumBase.takeSnap(SeleniumBase.java:935)
	at com.framework.utils.ExtentReporter.reportStep(ExtentReporter.java:82)
	at com.framework.utils.ExtentReporter.reportStep(ExtentReporter.java:115)
	at com.framework.selenium.api.base.SeleniumBase.takeSnap(SeleniumBase.java:935)
	at com.framework.utils.ExtentReporter.reportStep(ExtentReporter.java:82)
	at com.framework.utils.ExtentReporter.reportStep(ExtentReporter.java:115)
	at com.framework.selenium.api.base.SeleniumBase.takeSnap(SeleniumBase.java:935)
	at com.framework.utils.ExtentReporter.reportStep(ExtentReporter.java:82)
	at com.framework.utils.ExtentReporter.reportStep(ExtentReporter.java:115)
	at com.framework.selenium.api.base.SeleniumBase.takeSnap(SeleniumBase.java:935)
	at com.framework.utils.ExtentReporter.reportStep(ExtentReporter.java:82)
	at com.framework.utils.ExtentReporter.reportStep(ExtentReporter.java:115)
	at com.framework.selenium.api.base.SeleniumBase.takeSnap(SeleniumBase.java:935)
	at com.framework.utils.ExtentReporter.reportStep(ExtentReporter.java:82)
	at com.framework.utils.ExtentReporter.reportStep(ExtentReporter.java:115)
	at com.framework.selenium.api.base.SeleniumBase.takeSnap(SeleniumBase.java:935)
	at com.framework.utils.ExtentReporter.reportStep(ExtentReporter.java:82)
	at com.framework.utils.ExtentReporter.reportStep(ExtentReporter.java:115)
	at com.framework.selenium.api.base.SeleniumBase.takeSnap(SeleniumBase.java:935)
	at com.framework.utils.ExtentReporter.reportStep(ExtentReporter.java:82)
	at com.framework.utils.ExtentReporter.reportStep(ExtentReporter.java:115)
	at com.framework.selenium.api.base.SeleniumBase.takeSnap(SeleniumBase.java:935)
	at com.framework.utils.ExtentReporter.reportStep(ExtentReporter.java:82)
	at com.framework.utils.ExtentReporter.reportStep(ExtentReporter.java:115)
	at com.framework.selenium.api.base.SeleniumBase.takeSnap(SeleniumBase.java:935)
	at com.framework.utils.ExtentReporter.reportStep(ExtentReporter.java:82)
	at com.framework.utils.ExtentReporter.reportStep(ExtentReporter.java:115)
	at com.framework.selenium.api.base.SeleniumBase.takeSnap(SeleniumBase.java:935)
	at com.framework.utils.ExtentReporter.reportStep(ExtentReporter.java:82)
	at com.framework.utils.ExtentReporter.reportStep(ExtentReporter.java:115)
	at com.framework.selenium.api.base.SeleniumBase.takeSnap(SeleniumBase.java:935)
	at com.framework.utils.ExtentReporter.reportStep(ExtentReporter.java:82)
	at com.framework.utils.ExtentReporter.reportStep(ExtentReporter.java:115)
	at com.framework.selenium.api.base.SeleniumBase.takeSnap(SeleniumBase.java:935)
	at com.framework.utils.ExtentReporter.reportStep(ExtentReporter.java:82)
	at com.framework.utils.ExtentReporter.reportStep(ExtentReporter.java:115)
	at com.framework.selenium.api.base.SeleniumBase.takeSnap(SeleniumBase.java:935)
	at com.framework.utils.ExtentReporter.reportStep(ExtentReporter.java:82)
	at com.framework.utils.ExtentReporter.reportStep(ExtentReporter.java:115)
	at com.framework.selenium.api.base.SeleniumBase.takeSnap(SeleniumBase.java:935)
	at com.framework.utils.ExtentReporter.reportStep(ExtentReporter.java:82)
	at com.framework.utils.ExtentReporter.reportStep(ExtentReporter.java:115)
	at com.framework.selenium.api.base.SeleniumBase.takeSnap(SeleniumBase.java:935)
	at com.framework.utils.ExtentReporter.reportStep(ExtentReporter.java:82)
	at com.framework.utils.ExtentReporter.reportStep(ExtentReporter.java:115)
	at com.framework.selenium.api.base.SeleniumBase.takeSnap(SeleniumBase.java:935)
	at com.framework.utils.ExtentReporter.reportStep(ExtentReporter.java:82)
	at com.framework.utils.ExtentReporter.reportStep(ExtentReporter.java:115)
	at com.framework.selenium.api.base.SeleniumBase.takeSnap(SeleniumBase.java:935)
	at com.framework.utils.ExtentReporter.reportStep(ExtentReporter.java:82)
	at com.framework.utils.ExtentReporter.reportStep(ExtentReporter.java:115)
	at com.framework.selenium.api.base.SeleniumBase.takeSnap(SeleniumBase.java:935)
	at com.framework.utils.ExtentReporter.reportStep(ExtentReporter.java:82)
	at com.framework.utils.ExtentReporter.reportStep(ExtentReporter.java:115)
	at com.framework.selenium.api.base.SeleniumBase.takeSnap(SeleniumBase.java:935)
	at com.framework.utils.ExtentReporter.reportStep(ExtentReporter.java:82)
	at com.framework.utils.ExtentReporter.reportStep(ExtentReporter.java:115)
	at com.framework.selenium.api.base.SeleniumBase.takeSnap(SeleniumBase.java:935)
	at com.framework.utils.ExtentReporter.reportStep(ExtentReporter.java:82)
	at com.framework.utils.ExtentReporter.reportStep(ExtentReporter.java:115)
	at com.framework.selenium.api.base.SeleniumBase.takeSnap(SeleniumBase.java:935)
	at com.framework.utils.ExtentReporter.reportStep(ExtentReporter.java:82)
	at com.framework.utils.ExtentReporter.reportStep(ExtentReporter.java:115)
	at com.framework.selenium.api.base.SeleniumBase.takeSnap(SeleniumBase.java:935)
	at com.framework.utils.ExtentReporter.reportStep(ExtentReporter.java:82)
	at com.framework.utils.ExtentReporter.reportStep(ExtentReporter.java:115)
	at com.framework.selenium.api.base.SeleniumBase.takeSnap(SeleniumBase.java:935)
	at com.framework.utils.ExtentReporter.reportStep(ExtentReporter.java:82)
	at com.framework.utils.ExtentReporter.reportStep(ExtentReporter.java:115)
	at com.framework.selenium.api.base.SeleniumBase.takeSnap(SeleniumBase.java:935)
	at com.framework.utils.ExtentReporter.reportStep(ExtentReporter.java:82)
	at com.framework.utils.ExtentReporter.reportStep(ExtentReporter.java:115)
	at com.framework.selenium.api.base.SeleniumBase.takeSnap(SeleniumBase.java:935)
	at com.framework.utils.ExtentReporter.reportStep(ExtentReporter.java:82)
	at com.framework.utils.ExtentReporter.reportStep(ExtentReporter.java:115)
	at com.framework.selenium.api.base.SeleniumBase.takeSnap(SeleniumBase.java:935)
	at com.framework.utils.ExtentReporter.reportStep(ExtentReporter.java:82)
	at com.framework.utils.ExtentReporter.reportStep(ExtentReporter.java:115)
	at com.framework.selenium.api.base.SeleniumBase.takeSnap(SeleniumBase.java:935)
	at com.framework.utils.ExtentReporter.reportStep(ExtentReporter.java:82)
	at com.framework.utils.ExtentReporter.reportStep(ExtentReporter.java:115)
	at com.framework.selenium.api.base.SeleniumBase.takeSnap(SeleniumBase.java:935)
	at com.framework.utils.ExtentReporter.reportStep(ExtentReporter.java:82)
	at com.framework.utils.ExtentReporter.reportStep(ExtentReporter.java:115)
	at com.framework.selenium.api.base.SeleniumBase.takeSnap(SeleniumBase.java:935)
	at com.framework.utils.ExtentReporter.reportStep(ExtentReporter.java:82)
	at com.framework.utils.ExtentReporter.reportStep(ExtentReporter.java:115)
	at com.framework.selenium.api.base.SeleniumBase.takeSnap(SeleniumBase.java:935)
	at com.framework.utils.ExtentReporter.reportStep(ExtentReporter.java:82)
	at com.framework.utils.ExtentReporter.reportStep(ExtentReporter.java:115)
	at com.framework.selenium.api.base.SeleniumBase.takeSnap(SeleniumBase.java:935)
	at com.framework.utils.ExtentReporter.reportStep(ExtentReporter.java:82)
	at com.framework.utils.ExtentReporter.reportStep(ExtentReporter.java:115)
	at com.framework.selenium.api.base.SeleniumBase.takeSnap(SeleniumBase.java:935)
	at com.framework.utils.ExtentReporter.reportStep(ExtentReporter.java:82)
	at com.framework.utils.ExtentReporter.reportStep(ExtentReporter.java:115)
	at com.framework.selenium.api.base.SeleniumBase.takeSnap(SeleniumBase.java:935)
	at com.framework.utils.ExtentReporter.reportStep(ExtentReporter.java:82)
	at com.framework.utils.ExtentReporter.reportStep(ExtentReporter.java:115)
	at com.framework.selenium.api.base.SeleniumBase.takeSnap(SeleniumBase.java:935)
	at com.framework.utils.ExtentReporter.reportStep(ExtentReporter.java:82)
	at com.framework.utils.ExtentReporter.reportStep(ExtentReporter.java:115)
	at com.framework.selenium.api.base.SeleniumBase.takeSnap(SeleniumBase.java:935)
	at com.framework.utils.ExtentReporter.reportStep(ExtentReporter.java:82)
	at com.framework.utils.ExtentReporter.reportStep(ExtentReporter.java:115)
	at com.framework.selenium.api.base.SeleniumBase.takeSnap(SeleniumBase.java:935)
	at com.framework.utils.ExtentReporter.reportStep(ExtentReporter.java:82)
	at com.framework.utils.ExtentReporter.reportStep(ExtentReporter.java:115)
	at com.framework.selenium.api.base.SeleniumBase.takeSnap(SeleniumBase.java:935)
	at com.framework.utils.ExtentReporter.reportStep(ExtentReporter.java:82)
	at com.framework.utils.ExtentReporter.reportStep(ExtentReporter.java:115)
	at com.framework.selenium.api.base.SeleniumBase.takeSnap(SeleniumBase.java:935)
	at com.framework.utils.ExtentReporter.reportStep(ExtentReporter.java:82)
	at com.framework.utils.ExtentReporter.reportStep(ExtentReporter.java:115)
	at com.framework.selenium.api.base.SeleniumBase.takeSnap(SeleniumBase.java:935)
	at com.framework.utils.ExtentReporter.reportStep(ExtentReporter.java:82)
	at com.framework.utils.ExtentReporter.reportStep(ExtentReporter.java:115)
	at com.framework.selenium.api.base.SeleniumBase.takeSnap(SeleniumBase.java:935)
	at com.framework.utils.ExtentReporter.reportStep(ExtentReporter.java:82)
	at com.framework.utils.ExtentReporter.reportStep(ExtentReporter.java:115)
	at com.framework.selenium.api.base.SeleniumBase.takeSnap(SeleniumBase.java:935)
	at com.framework.utils.ExtentReporter.reportStep(ExtentReporter.java:82)
	at com.framework.utils.ExtentReporter.reportStep(ExtentReporter.java:115)
	at com.framework.selenium.api.base.SeleniumBase.takeSnap(SeleniumBase.java:935)
	at com.framework.utils.ExtentReporter.reportStep(ExtentReporter.java:82)
	at com.framework.utils.ExtentReporter.reportStep(ExtentReporter.java:115)
	at com.framework.selenium.api.base.SeleniumBase.takeSnap(SeleniumBase.java:935)
	at com.framework.utils.ExtentReporter.reportStep(ExtentReporter.java:82)
	at com.framework.utils.ExtentReporter.reportStep(ExtentReporter.java:115)
	at com.framework.selenium.api.base.SeleniumBase.takeSnap(SeleniumBase.java:935)
	at com.framework.utils.ExtentReporter.reportStep(ExtentReporter.java:82)
	at com.framework.utils.ExtentReporter.reportStep(ExtentReporter.java:115)
	at com.framework.selenium.api.base.SeleniumBase.takeSnap(SeleniumBase.java:935)
	at com.framework.utils.ExtentReporter.reportStep(ExtentReporter.java:82)
	at com.framework.utils.ExtentReporter.reportStep(ExtentReporter.java:115)
	at com.framework.selenium.api.base.SeleniumBase.takeSnap(SeleniumBase.java:935)
	at com.framework.utils.ExtentReporter.reportStep(ExtentReporter.java:82)
	at com.framework.utils.ExtentReporter.reportStep(ExtentReporter.java:115)
	at com.framework.selenium.api.base.SeleniumBase.takeSnap(SeleniumBase.java:935)
	at com.framework.utils.ExtentReporter.reportStep(ExtentReporter.java:82)
	at com.framework.utils.ExtentReporter.reportStep(ExtentReporter.java:115)
	at com.framework.selenium.api.base.SeleniumBase.takeSnap(SeleniumBase.java:935)
	at com.framework.utils.ExtentReporter.reportStep(ExtentReporter.java:82)
	at com.framework.utils.ExtentReporter.reportStep(ExtentReporter.java:115)
	at com.framework.selenium.api.base.SeleniumBase.takeSnap(SeleniumBase.java:935)
	at com.framework.utils.ExtentReporter.reportStep(ExtentReporter.java:82)
	at com.framework.utils.ExtentReporter.reportStep(ExtentReporter.java:115)
	at com.framework.selenium.api.base.SeleniumBase.takeSnap(SeleniumBase.java:935)
	at com.framework.utils.ExtentReporter.reportStep(ExtentReporter.java:82)
	at com.framework.utils.ExtentReporter.reportStep(ExtentReporter.java:115)
	at com.framework.selenium.api.base.SeleniumBase.takeSnap(SeleniumBase.java:935)
	at com.framework.utils.ExtentReporter.reportStep(ExtentReporter.java:82)
	at com.framework.utils.ExtentReporter.reportStep(ExtentReporter.java:115)
	at com.framework.selenium.api.base.SeleniumBase.takeSnap(SeleniumBase.java:935)
	at com.framework.utils.ExtentReporter.reportStep(ExtentReporter.java:82)
	at com.framework.utils.ExtentReporter.reportStep(ExtentReporter.java:115)
	at com.framework.selenium.api.base.SeleniumBase.takeSnap(SeleniumBase.java:935)
	at com.framework.utils.ExtentReporter.reportStep(ExtentReporter.java:82)
	at com.framework.utils.ExtentReporter.reportStep(ExtentReporter.java:115)
	at com.framework.selenium.api.base.SeleniumBase.takeSnap(SeleniumBase.java:935)
	at com.framework.utils.ExtentReporter.reportStep(ExtentReporter.java:82)
	at com.framework.utils.ExtentReporter.reportStep(ExtentReporter.java:115)
	at com.framework.selenium.api.base.SeleniumBase.takeSnap(SeleniumBase.java:935)
	at com.framework.utils.ExtentReporter.reportStep(ExtentReporter.java:82)
	at com.framework.utils.ExtentReporter.reportStep(ExtentReporter.java:115)
	at com.framework.selenium.api.base.SeleniumBase.takeSnap(SeleniumBase.java:935)
	at com.framework.utils.ExtentReporter.reportStep(ExtentReporter.java:82)
	at com.framework.utils.ExtentReporter.reportStep(ExtentReporter.java:115)
	at com.framework.selenium.api.base.SeleniumBase.takeSnap(SeleniumBase.java:935)
	at com.framework.utils.ExtentReporter.reportStep(ExtentReporter.java:82)
	at com.framework.utils.ExtentReporter.reportStep(ExtentReporter.java:115)
	at com.framework.selenium.api.base.SeleniumBase.takeSnap(SeleniumBase.java:935)
	at com.framework.utils.ExtentReporter.reportStep(ExtentReporter.java:82)
	at com.framework.utils.ExtentReporter.reportStep(ExtentReporter.java:115)
	at com.framework.selenium.api.base.SeleniumBase.takeSnap(SeleniumBase.java:935)
	at com.framework.utils.ExtentReporter.reportStep(ExtentReporter.java:82)
	at com.framework.utils.ExtentReporter.reportStep(ExtentReporter.java:115)
	at com.framework.selenium.api.base.SeleniumBase.takeSnap(SeleniumBase.java:935)
	at com.framework.utils.ExtentReporter.reportStep(ExtentReporter.java:82)
	at com.framework.utils.ExtentReporter.reportStep(ExtentReporter.java:115)
	at com.framework.selenium.api.base.SeleniumBase.takeSnap(SeleniumBase.java:935)
	at com.framework.utils.ExtentReporter.reportStep(ExtentReporter.java:82)
	at com.framework.utils.ExtentReporter.reportStep(ExtentReporter.java:115)
	at com.framework.selenium.api.base.SeleniumBase.takeSnap(SeleniumBase.java:935)
	at com.framework.utils.ExtentReporter.reportStep(ExtentReporter.java:82)
	at com.framework.utils.ExtentReporter.reportStep(ExtentReporter.java:115)
	at com.framework.selenium.api.base.SeleniumBase.takeSnap(SeleniumBase.java:935)
	at com.framework.utils.ExtentReporter.reportStep(ExtentReporter.java:82)
	at com.framework.utils.ExtentReporter.reportStep(ExtentReporter.java:115)
	at com.framework.selenium.api.base.SeleniumBase.takeSnap(SeleniumBase.java:935)
	at com.framework.utils.ExtentReporter.reportStep(ExtentReporter.java:82)
	at com.framework.utils.ExtentReporter.reportStep(ExtentReporter.java:115)
	at com.framework.selenium.api.base.SeleniumBase.takeSnap(SeleniumBase.java:935)
	at com.framework.utils.ExtentReporter.reportStep(ExtentReporter.java:82)
	at com.framework.utils.ExtentReporter.reportStep(ExtentReporter.java:115)
	at com.framework.selenium.api.base.SeleniumBase.takeSnap(SeleniumBase.java:935)
	at com.framework.utils.ExtentReporter.reportStep(ExtentReporter.java:82)
	at com.framework.utils.ExtentReporter.reportStep(ExtentReporter.java:115)
	at com.framework.selenium.api.base.SeleniumBase.takeSnap(SeleniumBase.java:935)
	at com.framework.utils.ExtentReporter.reportStep(ExtentReporter.java:82)
	at com.framework.utils.ExtentReporter.reportStep(ExtentReporter.java:115)
	at com.framework.selenium.api.base.SeleniumBase.takeSnap(SeleniumBase.java:935)
	at com.framework.utils.ExtentReporter.reportStep(ExtentReporter.java:82)
	at com.framework.utils.ExtentReporter.reportStep(ExtentReporter.java:115)
	at com.framework.selenium.api.base.SeleniumBase.takeSnap(SeleniumBase.java:935)
	at com.framework.utils.ExtentReporter.reportStep(ExtentReporter.java:82)
	at com.framework.utils.ExtentReporter.reportStep(ExtentReporter.java:115)
	at com.framework.selenium.api.base.SeleniumBase.takeSnap(SeleniumBase.java:935)
	at com.framework.utils.ExtentReporter.reportStep(ExtentReporter.java:82)
	at com.framework.utils.ExtentReporter.reportStep(ExtentReporter.java:115)
	at com.framework.selenium.api.base.SeleniumBase.takeSnap(SeleniumBase.java:935)
	at com.framework.utils.ExtentReporter.reportStep(ExtentReporter.java:82)
	at com.framework.utils.ExtentReporter.reportStep(ExtentReporter.java:115)
	at com.framework.selenium.api.base.SeleniumBase.takeSnap(SeleniumBase.java:935)
	at com.framework.utils.ExtentReporter.reportStep(ExtentReporter.java:82)
	at com.framework.utils.ExtentReporter.reportStep(ExtentReporter.java:115)
	at com.framework.selenium.api.base.SeleniumBase.takeSnap(SeleniumBase.java:935)
	at com.framework.utils.ExtentReporter.reportStep(ExtentReporter.java:82)
	at com.framework.utils.ExtentReporter.reportStep(ExtentReporter.java:115)
	at com.framework.selenium.api.base.SeleniumBase.takeSnap(SeleniumBase.java:935)
	at com.framework.utils.ExtentReporter.reportStep(ExtentReporter.java:82)
	at com.framework.utils.ExtentReporter.reportStep(ExtentReporter.java:115)
	at com.framework.selenium.api.base.SeleniumBase.takeSnap(SeleniumBase.java:935)
	at com.framework.utils.ExtentReporter.reportStep(ExtentReporter.java:82)
	at com.framework.utils.ExtentReporter.reportStep(ExtentReporter.java:115)
	at com.framework.selenium.api.base.SeleniumBase.takeSnap(SeleniumBase.java:935)
	at com.framework.utils.ExtentReporter.reportStep(ExtentReporter.java:82)
	at com.framework.utils.ExtentReporter.reportStep(ExtentReporter.java:115)
	at com.framework.selenium.api.base.SeleniumBase.takeSnap(SeleniumBase.java:935)
	at com.framework.utils.ExtentReporter.reportStep(ExtentReporter.java:82)
	at com.framework.utils.ExtentReporter.reportStep(ExtentReporter.java:115)
	at com.framework.selenium.api.base.SeleniumBase.takeSnap(SeleniumBase.java:935)
	at com.framework.utils.ExtentReporter.reportStep(ExtentReporter.java:82)
	at com.framework.utils.ExtentReporter.reportStep(ExtentReporter.java:115)
	at com.framework.selenium.api.base.SeleniumBase.takeSnap(SeleniumBase.java:935)
	at com.framework.utils.ExtentReporter.reportStep(ExtentReporter.java:82)
	at com.framework.utils.ExtentReporter.reportStep(ExtentReporter.java:115)
	at com.framework.selenium.api.base.SeleniumBase.takeSnap(SeleniumBase.java:935)
	at com.framework.utils.ExtentReporter.reportStep(ExtentReporter.java:82)
	at com.framework.utils.ExtentReporter.reportStep(ExtentReporter.java:115)
	at com.framework.selenium.api.base.SeleniumBase.takeSnap(SeleniumBase.java:935)
	at com.framework.utils.ExtentReporter.reportStep(ExtentReporter.java:82)
	at com.framework.utils.ExtentReporter.reportStep(ExtentReporter.java:115)
	at com.framework.selenium.api.base.SeleniumBase.takeSnap(SeleniumBase.java:935)
	at com.framework.utils.ExtentReporter.reportStep(ExtentReporter.java:82)
	at com.framework.utils.ExtentReporter.reportStep(ExtentReporter.java:115)
	at com.framework.selenium.api.base.SeleniumBase.takeSnap(SeleniumBase.java:935)
	at com.framework.utils.ExtentReporter.reportStep(ExtentReporter.java:82)
	at com.framework.utils.ExtentReporter.reportStep(ExtentReporter.java:115)
	at com.framework.selenium.api.base.SeleniumBase.takeSnap(SeleniumBase.java:935)
	at com.framework.utils.ExtentReporter.reportStep(ExtentReporter.java:82)
	at com.framework.utils.ExtentReporter.reportStep(ExtentReporter.java:115)
	at com.framework.selenium.api.base.SeleniumBase.takeSnap(SeleniumBase.java:935)
	at com.framework.utils.ExtentReporter.reportStep(ExtentReporter.java:82)
	at com.framework.utils.ExtentReporter.reportStep(ExtentReporter.java:115)
	at com.framework.selenium.api.base.SeleniumBase.takeSnap(SeleniumBase.java:935)
	at com.framework.utils.ExtentReporter.reportStep(ExtentReporter.java:82)
	at com.framework.utils.ExtentReporter.reportStep(ExtentReporter.java:115)
	at com.framework.selenium.api.base.SeleniumBase.takeSnap(SeleniumBase.java:935)
	at com.framework.utils.ExtentReporter.reportStep(ExtentReporter.java:82)
	at com.framework.utils.ExtentReporter.reportStep(ExtentReporter.java:115)
	at com.framework.selenium.api.base.SeleniumBase.takeSnap(SeleniumBase.java:935)
	at com.framework.utils.ExtentReporter.reportStep(ExtentReporter.java:82)
	at com.framework.utils.ExtentReporter.reportStep(ExtentReporter.java:115)
	at com.framework.selenium.api.base.SeleniumBase.takeSnap(SeleniumBase.java:935)
	at com.framework.utils.ExtentReporter.reportStep(ExtentReporter.java:82)
	at com.framework.utils.ExtentReporter.reportStep(ExtentReporter.java:115)
	at com.framework.selenium.api.base.SeleniumBase.takeSnap(SeleniumBase.java:935)
	at com.framework.utils.ExtentReporter.reportStep(ExtentReporter.java:82)
	at com.framework.utils.ExtentReporter.reportStep(ExtentReporter.java:115)
	at com.framework.selenium.api.base.SeleniumBase.takeSnap(SeleniumBase.java:935)
	at com.framework.utils.ExtentReporter.reportStep(ExtentReporter.java:82)
	at com.framework.utils.ExtentReporter.reportStep(ExtentReporter.java:115)
	at com.framework.selenium.api.base.SeleniumBase.takeSnap(SeleniumBase.java:935)
	at com.framework.utils.ExtentReporter.reportStep(ExtentReporter.java:82)
	at com.framework.utils.ExtentReporter.reportStep(ExtentReporter.java:115)
	at com.framework.selenium.api.base.SeleniumBase.takeSnap(SeleniumBase.java:935)
	at com.framework.utils.ExtentReporter.reportStep(ExtentReporter.java:82)
	at com.framework.utils.ExtentReporter.reportStep(ExtentReporter.java:115)
	at com.framework.selenium.api.base.SeleniumBase.takeSnap(SeleniumBase.java:935)
	at com.framework.utils.ExtentReporter.reportStep(ExtentReporter.java:82)
	at com.framework.utils.ExtentReporter.reportStep(ExtentReporter.java:115)
	at com.framework.selenium.api.base.SeleniumBase.takeSnap(SeleniumBase.java:935)
	at com.framework.utils.ExtentReporter.reportStep(ExtentReporter.java:82)
	at com.framework.utils.ExtentReporter.reportStep(ExtentReporter.java:115)
	at com.framework.selenium.api.base.SeleniumBase.takeSnap(SeleniumBase.java:935)
	at com.framework.utils.ExtentReporter.reportStep(ExtentReporter.java:82)
	at com.framework.utils.ExtentReporter.reportStep(ExtentReporter.java:115)
	at com.framework.selenium.api.base.SeleniumBase.takeSnap(SeleniumBase.java:935)
	at com.framework.utils.ExtentReporter.reportStep(ExtentReporter.java:82)
	at com.framework.utils.ExtentReporter.reportStep(ExtentReporter.java:115)
	at com.framework.selenium.api.base.SeleniumBase.takeSnap(SeleniumBase.java:935)
	at com.framework.utils.ExtentReporter.reportStep(ExtentReporter.java:82)
	at com.framework.utils.ExtentReporter.reportStep(ExtentReporter.java:115)
	at com.framework.selenium.api.base.SeleniumBase.takeSnap(SeleniumBase.java:935)
	at com.framework.utils.ExtentReporter.reportStep(ExtentReporter.java:82)
	at com.framework.utils.ExtentReporter.reportStep(ExtentReporter.java:115)
	at com.framework.selenium.api.base.SeleniumBase.takeSnap(SeleniumBase.java:935)
	at com.framework.utils.ExtentReporter.reportStep(ExtentReporter.java:82)
	at com.framework.utils.ExtentReporter.reportStep(ExtentReporter.java:115)
	at com.framework.selenium.api.base.SeleniumBase.takeSnap(SeleniumBase.java:935)
	at com.framework.utils.ExtentReporter.reportStep(ExtentReporter.java:82)
	at com.framework.utils.ExtentReporter.reportStep(ExtentReporter.java:115)
	at com.framework.selenium.api.base.SeleniumBase.takeSnap(SeleniumBase.java:935)
	at com.framework.utils.ExtentReporter.reportStep(ExtentReporter.java:82)
	at com.framework.utils.ExtentReporter.reportStep(ExtentReporter.java:115)
	at com.framework.selenium.api.base.SeleniumBase.takeSnap(SeleniumBase.java:935)
	at com.framework.utils.ExtentReporter.reportStep(ExtentReporter.java:82)
	at com.framework.utils.ExtentReporter.reportStep(ExtentReporter.java:115)
	at com.framework.selenium.api.base.SeleniumBase.takeSnap(SeleniumBase.java:935)
	at com.framework.utils.ExtentReporter.reportStep(ExtentReporter.java:82)
	at com.framework.utils.ExtentReporter.reportStep(ExtentReporter.java:115)
	at com.framework.selenium.api.base.SeleniumBase.takeSnap(SeleniumBase.java:935)
	at com.framework.utils.ExtentReporter.reportStep(ExtentReporter.java:82)
	at com.framework.utils.ExtentReporter.reportStep(ExtentReporter.java:115)
	at com.framework.selenium.api.base.SeleniumBase.takeSnap(SeleniumBase.java:935)
	at com.framework.utils.ExtentReporter.reportStep(ExtentReporter.java:82)
	at com.framework.utils.ExtentReporter.reportStep(ExtentReporter.java:115)
	at com.framework.selenium.api.base.SeleniumBase.takeSnap(SeleniumBase.java:935)
	at com.framework.utils.ExtentReporter.reportStep(ExtentReporter.java:82)
	at com.framework.utils.ExtentReporter.reportStep(ExtentReporter.java:115)
	at com.framework.selenium.api.base.SeleniumBase.takeSnap(SeleniumBase.java:935)
	at com.framework.utils.ExtentReporter.reportStep(ExtentReporter.java:82)
	at com.framework.utils.ExtentReporter.reportStep(ExtentReporter.java:115)
	at com.framework.selenium.api.base.SeleniumBase.takeSnap(SeleniumBase.java:935)
	at com.framework.utils.ExtentReporter.reportStep(ExtentReporter.java:82)
	at com.framework.utils.ExtentReporter.reportStep(ExtentReporter.java:115)
	at com.framework.selenium.api.base.SeleniumBase.takeSnap(SeleniumBase.java:935)
	at com.framework.utils.ExtentReporter.reportStep(ExtentReporter.java:82)
	at com.framework.utils.ExtentReporter.reportStep(ExtentReporter.java:115)
	at com.framework.selenium.api.base.SeleniumBase.takeSnap(SeleniumBase.java:935)
	at com.framework.utils.ExtentReporter.reportStep(ExtentReporter.java:82)
	at com.framework.utils.ExtentReporter.reportStep(ExtentReporter.java:115)
	at com.framework.selenium.api.base.SeleniumBase.takeSnap(SeleniumBase.java:935)
	at com.framework.utils.ExtentReporter.reportStep(ExtentReporter.java:82)
	at com.framework.utils.ExtentReporter.reportStep(ExtentReporter.java:115)
	at com.framework.selenium.api.base.SeleniumBase.takeSnap(SeleniumBase.java:935)
	at com.framework.utils.ExtentReporter.reportStep(ExtentReporter.java:82)
	at com.framework.utils.ExtentReporter.reportStep(ExtentReporter.java:115)
	at com.framework.selenium.api.base.SeleniumBase.takeSnap(SeleniumBase.java:935)
	at com.framework.utils.ExtentReporter.reportStep(ExtentReporter.java:82)
	at com.framework.utils.ExtentReporter.reportStep(ExtentReporter.java:115)
	at com.framework.selenium.api.base.SeleniumBase.takeSnap(SeleniumBase.java:935)
	at com.framework.utils.ExtentReporter.reportStep(ExtentReporter.java:82)
	at com.framework.utils.ExtentReporter.reportStep(ExtentReporter.java:115)
	at com.framework.selenium.api.base.SeleniumBase.takeSnap(SeleniumBase.java:935)
	at com.framework.utils.ExtentReporter.reportStep(ExtentReporter.java:82)
	at com.framework.utils.ExtentReporter.reportStep(ExtentReporter.java:115)
	at com.framework.selenium.api.base.SeleniumBase.takeSnap(SeleniumBase.java:935)
	at com.framework.utils.ExtentReporter.reportStep(ExtentReporter.java:82)
	at com.framework.utils.ExtentReporter.reportStep(ExtentReporter.java:115)
	at com.framework.selenium.api.base.SeleniumBase.takeSnap(SeleniumBase.java:935)
	at com.framework.utils.ExtentReporter.reportStep(ExtentReporter.java:82)
	at com.framework.utils.ExtentReporter.reportStep(ExtentReporter.java:115)
	at com.framework.selenium.api.base.SeleniumBase.takeSnap(SeleniumBase.java:935)
	at com.framework.utils.ExtentReporter.reportStep(ExtentReporter.java:82)
	at com.framework.utils.ExtentReporter.reportStep(ExtentReporter.java:115)
	at com.framework.selenium.api.base.SeleniumBase.takeSnap(SeleniumBase.java:935)
	at com.framework.utils.ExtentReporter.reportStep(ExtentReporter.java:82)
	at com.framework.utils.ExtentReporter.reportStep(ExtentReporter.java:115)
	at com.framework.selenium.api.base.SeleniumBase.takeSnap(SeleniumBase.java:935)
	at com.framework.utils.ExtentReporter.reportStep(ExtentReporter.java:82)
	at com.framework.utils.ExtentReporter.reportStep(ExtentReporter.java:115)
	at com.framework.selenium.api.base.SeleniumBase.takeSnap(SeleniumBase.java:935)
	at com.framework.utils.ExtentReporter.reportStep(ExtentReporter.java:82)
	at com.framework.utils.ExtentReporter.reportStep(ExtentReporter.java:115)
	at com.framework.selenium.api.base.SeleniumBase.takeSnap(SeleniumBase.java:935)
	at com.framework.utils.ExtentReporter.reportStep(ExtentReporter.java:82)
	at com.framework.utils.ExtentReporter.reportStep(ExtentReporter.java:115)
	at com.framework.selenium.api.base.SeleniumBase.takeSnap(SeleniumBase.java:935)
	at com.framework.utils.ExtentReporter.reportStep(ExtentReporter.java:82)
	at com.framework.utils.ExtentReporter.reportStep(ExtentReporter.java:115)
	at com.framework.selenium.api.base.SeleniumBase.takeSnap(SeleniumBase.java:935)
	at com.framework.utils.ExtentReporter.reportStep(ExtentReporter.java:82)
	at com.framework.utils.ExtentReporter.reportStep(ExtentReporter.java:115)
	at com.framework.selenium.api.base.SeleniumBase.takeSnap(SeleniumBase.java:935)
	at com.framework.utils.ExtentReporter.reportStep(ExtentReporter.java:82)
	at com.framework.utils.ExtentReporter.reportStep(ExtentReporter.java:115)
	at com.framework.selenium.api.base.SeleniumBase.takeSnap(SeleniumBase.java:935)
	at com.framework.utils.ExtentReporter.reportStep(ExtentReporter.java:82)
	at com.framework.utils.ExtentReporter.reportStep(ExtentReporter.java:115)
	at com.framework.selenium.api.base.SeleniumBase.takeSnap(SeleniumBase.java:935)
	at com.framework.utils.ExtentReporter.reportStep(ExtentReporter.java:82)
	at com.framework.utils.ExtentReporter.reportStep(ExtentReporter.java:115)
	at com.framework.selenium.api.base.SeleniumBase.takeSnap(SeleniumBase.java:935)
	at com.framework.utils.ExtentReporter.reportStep(ExtentReporter.java:82)
	at com.framework.utils.ExtentReporter.reportStep(ExtentReporter.java:115)
	at com.framework.selenium.api.base.SeleniumBase.takeSnap(SeleniumBase.java:935)
	at com.framework.utils.ExtentReporter.reportStep(ExtentReporter.java:82)
	at com.framework.utils.ExtentReporter.reportStep(ExtentReporter.java:115)
	at com.framework.selenium.api.base.SeleniumBase.takeSnap(SeleniumBase.java:935)
	at com.framework.utils.ExtentReporter.reportStep(ExtentReporter.java:82)
	at com.framework.utils.ExtentReporter.reportStep(ExtentReporter.java:115)
	at com.framework.selenium.api.base.SeleniumBase.takeSnap(SeleniumBase.java:935)
	at com.framework.utils.ExtentReporter.reportStep(ExtentReporter.java:82)
	at com.framework.utils.ExtentReporter.reportStep(ExtentReporter.java:115)
	at com.framework.selenium.api.base.SeleniumBase.takeSnap(SeleniumBase.java:935)
	at com.framework.utils.ExtentReporter.reportStep(ExtentReporter.java:82)
	at com.framework.utils.ExtentReporter.reportStep(ExtentReporter.java:115)
	at com.framework.selenium.api.base.SeleniumBase.takeSnap(SeleniumBase.java:935)
	at com.framework.utils.ExtentReporter.reportStep(ExtentReporter.java:82)
	at com.framework.utils.ExtentReporter.reportStep(ExtentReporter.java:115)
	at com.framework.selenium.api.base.SeleniumBase.takeSnap(SeleniumBase.java:935)
	at com.framework.utils.ExtentReporter.reportStep(ExtentReporter.java:82)
	at com.framework.utils.ExtentReporter.reportStep(ExtentReporter.java:115)
	at com.framework.selenium.api.base.SeleniumBase.takeSnap(SeleniumBase.java:935)
	at com.framework.utils.ExtentReporter.reportStep(ExtentReporter.java:82)
	at com.framework.utils.ExtentReporter.reportStep(ExtentReporter.java:115)
	at com.framework.selenium.api.base.SeleniumBase.takeSnap(SeleniumBase.java:935)
	at com.framework.utils.ExtentReporter.reportStep(ExtentReporter.java:82)
	at com.framework.utils.ExtentReporter.reportStep(ExtentReporter.java:115)
	at com.framework.selenium.api.base.SeleniumBase.takeSnap(SeleniumBase.java:935)
	at com.framework.utils.ExtentReporter.reportStep(ExtentReporter.java:82)
	at com.framework.utils.ExtentReporter.reportStep(ExtentReporter.java:115)
	at com.framework.selenium.api.base.SeleniumBase.takeSnap(SeleniumBase.java:935)
	at com.framework.utils.ExtentReporter.reportStep(ExtentReporter.java:82)
	at com.framework.utils.ExtentReporter.reportStep(ExtentReporter.java:115)
	at com.framework.selenium.api.base.SeleniumBase.takeSnap(SeleniumBase.java:935)
	at com.framework.utils.ExtentReporter.reportStep(ExtentReporter.java:82)
	at com.framework.utils.ExtentReporter.reportStep(ExtentReporter.java:115)
	at com.framework.selenium.api.base.SeleniumBase.takeSnap(SeleniumBase.java:935)
	at com.framework.utils.ExtentReporter.reportStep(ExtentReporter.java:82)
	at com.framework.utils.ExtentReporter.reportStep(ExtentReporter.java:115)
	at com.framework.selenium.api.base.SeleniumBase.takeSnap(SeleniumBase.java:935)
	at com.framework.utils.ExtentReporter.reportStep(ExtentReporter.java:82)
	at com.framework.utils.ExtentReporter.reportStep(ExtentReporter.java:115)
	at com.framework.selenium.api.base.SeleniumBase.takeSnap(SeleniumBase.java:935)
	at com.framework.utils.ExtentReporter.reportStep(ExtentReporter.java:82)
	at com.framework.utils.ExtentReporter.reportStep(ExtentReporter.java:115)
	at com.framework.selenium.api.base.SeleniumBase.takeSnap(SeleniumBase.java:935)
	at com.framework.utils.ExtentReporter.reportStep(ExtentReporter.java:82)
	at com.framework.utils.ExtentReporter.reportStep(ExtentReporter.java:115)
	at com.framework.selenium.api.base.SeleniumBase.takeSnap(SeleniumBase.java:935)
	at com.framework.utils.ExtentReporter.reportStep(ExtentReporter.java:82)
	at com.framework.utils.ExtentReporter.reportStep(ExtentReporter.java:115)
	at com.framework.selenium.api.base.SeleniumBase.takeSnap(SeleniumBase.java:935)
	at com.framework.utils.ExtentReporter.reportStep(ExtentReporter.java:82)
	at com.framework.utils.ExtentReporter.reportStep(ExtentReporter.java:115)
	at com.framework.selenium.api.base.SeleniumBase.takeSnap(SeleniumBase.java:935)
	at com.framework.utils.ExtentReporter.reportStep(ExtentReporter.java:82)
	at com.framework.utils.ExtentReporter.reportStep(ExtentReporter.java:115)
	at com.framework.selenium.api.base.SeleniumBase.takeSnap(SeleniumBase.java:935)
	at com.framework.utils.ExtentReporter.reportStep(ExtentReporter.java:82)
	at com.framework.utils.ExtentReporter.reportStep(ExtentReporter.java:115)
	at com.framework.selenium.api.base.SeleniumBase.takeSnap(SeleniumBase.java:935)
	at com.framework.utils.ExtentReporter.reportStep(ExtentReporter.java:82)
	at com.framework.utils.ExtentReporter.reportStep(ExtentReporter.java:115)
	at com.framework.selenium.api.base.SeleniumBase.takeSnap(SeleniumBase.java:935)
	at com.framework.utils.ExtentReporter.reportStep(ExtentReporter.java:82)
	at com.framework.utils.ExtentReporter.reportStep(ExtentReporter.java:115)
	at com.framework.selenium.api.base.SeleniumBase.takeSnap(SeleniumBase.java:935)
	at com.framework.utils.ExtentReporter.reportStep(ExtentReporter.java:82)
	at com.framework.utils.ExtentReporter.reportStep(ExtentReporter.java:115)
	at com.framework.selenium.api.base.SeleniumBase.takeSnap(SeleniumBase.java:935)
	at com.framework.utils.ExtentReporter.reportStep(ExtentReporter.java:82)
	at com.framework.utils.ExtentReporter.reportStep(ExtentReporter.java:115)
	at com.framework.selenium.api.base.SeleniumBase.takeSnap(SeleniumBase.java:935)
	at com.framework.utils.ExtentReporter.reportStep(ExtentReporter.java:82)
	at com.framework.utils.ExtentReporter.reportStep(ExtentReporter.java:115)
	at com.framework.selenium.api.base.SeleniumBase.takeSnap(SeleniumBase.java:935)
	at com.framework.utils.ExtentReporter.reportStep(ExtentReporter.java:82)
	at com.framework.utils.ExtentReporter.reportStep(ExtentReporter.java:115)
	at com.framework.selenium.api.base.SeleniumBase.takeSnap(SeleniumBase.java:935)
	at com.framework.utils.ExtentReporter.reportStep(ExtentReporter.java:82)
	at com.framework.utils.ExtentReporter.reportStep(ExtentReporter.java:115)
	at com.framework.selenium.api.base.SeleniumBase.takeSnap(SeleniumBase.java:935)
	at com.framework.utils.ExtentReporter.reportStep(ExtentReporter.java:82)
	at com.framework.utils.ExtentReporter.reportStep(ExtentReporter.java:115)
	at com.framework.selenium.api.base.SeleniumBase.takeSnap(SeleniumBase.java:935)
	at com.framework.utils.ExtentReporter.reportStep(ExtentReporter.java:82)
	at com.framework.utils.ExtentReporter.reportStep(ExtentReporter.java:115)
	at com.framework.selenium.api.base.SeleniumBase.takeSnap(SeleniumBase.java:935)
	at com.framework.utils.ExtentReporter.reportStep(ExtentReporter.java:82)
	at com.framework.utils.ExtentReporter.reportStep(ExtentReporter.java:115)
	at com.framework.selenium.api.base.SeleniumBase.takeSnap(SeleniumBase.java:935)
	at com.framework.utils.ExtentReporter.reportStep(ExtentReporter.java:82)
	at com.framework.utils.ExtentReporter.reportStep(ExtentReporter.java:115)
	at com.framework.selenium.api.base.SeleniumBase.takeSnap(SeleniumBase.java:935)
	at com.framework.utils.ExtentReporter.reportStep(ExtentReporter.java:82)
	at com.framework.utils.ExtentReporter.reportStep(ExtentReporter.java:115)
	at com.framework.selenium.api.base.SeleniumBase.takeSnap(SeleniumBase.java:935)
	at com.framework.utils.ExtentReporter.reportStep(ExtentReporter.java:82)
	at com.framework.utils.ExtentReporter.reportStep(ExtentReporter.java:115)
	at com.framework.selenium.api.base.SeleniumBase.takeSnap(SeleniumBase.java:935)
	at com.framework.utils.ExtentReporter.reportStep(ExtentReporter.java:82)
	at com.framework.utils.ExtentReporter.reportStep(ExtentReporter.java:115)
	at com.framework.selenium.api.base.SeleniumBase.takeSnap(SeleniumBase.java:935)
	at com.framework.utils.ExtentReporter.reportStep(ExtentReporter.java:82)
	at com.framework.utils.ExtentReporter.reportStep(ExtentReporter.java:115)
	at com.framework.selenium.api.base.SeleniumBase.takeSnap(SeleniumBase.java:935)
	at com.framework.utils.ExtentReporter.reportStep(ExtentReporter.java:82)
	at com.framework.utils.ExtentReporter.reportStep(ExtentReporter.java:115)
	at com.framework.selenium.api.base.SeleniumBase.takeSnap(SeleniumBase.java:935)
	at com.framework.utils.ExtentReporter.reportStep(ExtentReporter.java:82)
	at com.framework.utils.ExtentReporter.reportStep(ExtentReporter.java:115)
	at com.framework.selenium.api.base.SeleniumBase.takeSnap(SeleniumBase.java:935)
	at com.framework.utils.ExtentReporter.reportStep(ExtentReporter.java:82)
	at com.framework.utils.ExtentReporter.reportStep(ExtentReporter.java:115)
	at com.framework.selenium.api.base.SeleniumBase.takeSnap(SeleniumBase.java:935)
	at com.framework.utils.ExtentReporter.reportStep(ExtentReporter.java:82)
	at com.framework.utils.ExtentReporter.reportStep(ExtentReporter.java:115)
	at com.framework.selenium.api.base.SeleniumBase.takeSnap(SeleniumBase.java:935)
	at com.framework.utils.ExtentReporter.reportStep(ExtentReporter.java:82)
	at com.framework.utils.ExtentReporter.reportStep(ExtentReporter.java:115)
	at com.framework.selenium.api.base.SeleniumBase.takeSnap(SeleniumBase.java:935)
	at com.framework.utils.ExtentReporter.reportStep(ExtentReporter.java:82)
	at com.framework.utils.ExtentReporter.reportStep(ExtentReporter.java:115)
	at com.framework.selenium.api.base.SeleniumBase.takeSnap(SeleniumBase.java:935)
	at com.framework.utils.ExtentReporter.reportStep(ExtentReporter.java:82)
	at com.framework.utils.ExtentReporter.reportStep(ExtentReporter.java:115)
	at com.framework.selenium.api.base.SeleniumBase.takeSnap(SeleniumBase.java:935)
	at com.framework.utils.ExtentReporter.reportStep(ExtentReporter.java:82)
	at com.framework.utils.ExtentReporter.reportStep(ExtentReporter.java:115)
	at com.framework.selenium.api.base.SeleniumBase.takeSnap(SeleniumBase.java:935)
	at com.framework.utils.ExtentReporter.reportStep(ExtentReporter.java:82)
	at com.framework.utils.ExtentReporter.reportStep(ExtentReporter.java:115)
	at com.framework.selenium.api.base.SeleniumBase.takeSnap(SeleniumBase.java:935)
	at com.framework.utils.ExtentReporter.reportStep(ExtentReporter.java:82)
	at com.framework.utils.ExtentReporter.reportStep(ExtentReporter.java:115)
	at com.framework.selenium.api.base.SeleniumBase.takeSnap(SeleniumBase.java:935)
	at com.framework.utils.ExtentReporter.reportStep(ExtentReporter.java:82)
	at com.framework.utils.ExtentReporter.reportStep(ExtentReporter.java:115)
	at com.framework.selenium.api.base.SeleniumBase.takeSnap(SeleniumBase.java:935)
	at com.framework.utils.ExtentReporter.reportStep(ExtentReporter.java:82)
	at com.framework.utils.ExtentReporter.reportStep(ExtentReporter.java:115)
	at com.framework.selenium.api.base.SeleniumBase.takeSnap(SeleniumBase.java:935)
	at com.framework.utils.ExtentReporter.reportStep(ExtentReporter.java:82)
	at com.framework.utils.ExtentReporter.reportStep(ExtentReporter.java:115)
	at com.framework.selenium.api.base.SeleniumBase.takeSnap(SeleniumBase.java:935)
	at com.framework.utils.ExtentReporter.reportStep(ExtentReporter.java:82)
	at com.framework.utils.ExtentReporter.reportStep(ExtentReporter.java:115)
	at com.framework.selenium.api.base.SeleniumBase.takeSnap(SeleniumBase.java:935)
	at com.framework.utils.ExtentReporter.reportStep(ExtentReporter.java:82)
	at com.framework.utils.ExtentReporter.reportStep(ExtentReporter.java:115)
	at com.framework.selenium.api.base.SeleniumBase.takeSnap(SeleniumBase.java:935)
	at com.framework.utils.ExtentReporter.reportStep(ExtentReporter.java:82)
	at com.framework.utils.ExtentReporter.reportStep(ExtentReporter.java:115)
	at com.framework.selenium.api.base.SeleniumBase.takeSnap(SeleniumBase.java:935)
	at com.framework.utils.ExtentReporter.reportStep(ExtentReporter.java:82)
	at com.framework.utils.ExtentReporter.reportStep(ExtentReporter.java:115)
	at com.framework.selenium.api.base.SeleniumBase.takeSnap(SeleniumBase.java:935)
	at com.framework.utils.ExtentReporter.reportStep(ExtentReporter.java:82)
	at com.framework.utils.ExtentReporter.reportStep(ExtentReporter.java:115)
	at com.framework.selenium.api.base.SeleniumBase.takeSnap(SeleniumBase.java:935)
	at com.framework.utils.ExtentReporter.reportStep(ExtentReporter.java:82)
	at com.framework.utils.ExtentReporter.reportStep(ExtentReporter.java:115)
	at com.framework.selenium.api.base.SeleniumBase.takeSnap(SeleniumBase.java:935)
	at com.framework.utils.ExtentReporter.reportStep(ExtentReporter.java:82)
	at com.framework.utils.ExtentReporter.reportStep(ExtentReporter.java:115)
	at com.framework.selenium.api.base.SeleniumBase.takeSnap(SeleniumBase.java:935)
	at com.framework.utils.ExtentReporter.reportStep(ExtentReporter.java:82)
	at com.framework.utils.ExtentReporter.reportStep(ExtentReporter.java:115)
	at com.framework.selenium.api.base.SeleniumBase.takeSnap(SeleniumBase.java:935)
	at com.framework.utils.ExtentReporter.reportStep(ExtentReporter.java:82)
	at com.framework.utils.ExtentReporter.reportStep(ExtentReporter.java:115)
	at com.framework.selenium.api.base.SeleniumBase.takeSnap(SeleniumBase.java:935)
	at com.framework.utils.ExtentReporter.reportStep(ExtentReporter.java:82)
	at com.framework.utils.ExtentReporter.reportStep(ExtentReporter.java:115)
	at com.framework.selenium.api.base.SeleniumBase.takeSnap(SeleniumBase.java:935)
	at com.framework.utils.ExtentReporter.reportStep(ExtentReporter.java:82)
	at com.framework.utils.ExtentReporter.reportStep(ExtentReporter.java:115)
	at com.framework.selenium.api.base.SeleniumBase.takeSnap(SeleniumBase.java:935)
	at com.framework.utils.ExtentReporter.reportStep(ExtentReporter.java:82)
	at com.framework.utils.ExtentReporter.reportStep(ExtentReporter.java:115)
	at com.framework.selenium.api.base.SeleniumBase.takeSnap(SeleniumBase.java:935)
	at com.framework.utils.ExtentReporter.reportStep(ExtentReporter.java:82)
	at com.framework.utils.ExtentReporter.reportStep(ExtentReporter.java:115)
	at com.framework.selenium.api.base.SeleniumBase.takeSnap(SeleniumBase.java:935)
	at com.framework.utils.ExtentReporter.reportStep(ExtentReporter.java:82)
	at com.framework.utils.ExtentReporter.reportStep(ExtentReporter.java:115)
	at com.framework.selenium.api.base.SeleniumBase.takeSnap(SeleniumBase.java:935)
	at com.framework.utils.ExtentReporter.reportStep(ExtentReporter.java:82)
	at com.framework.utils.ExtentReporter.reportStep(ExtentReporter.java:115)
	at com.framework.selenium.api.base.SeleniumBase.takeSnap(SeleniumBase.java:935)
	at com.framework.utils.ExtentReporter.reportStep(ExtentReporter.java:82)
	at com.framework.utils.ExtentReporter.reportStep(ExtentReporter.java:115)
	at com.framework.selenium.api.base.SeleniumBase.takeSnap(SeleniumBase.java:935)
	at com.framework.utils.ExtentReporter.reportStep(ExtentReporter.java:82)
	at com.framework.utils.ExtentReporter.reportStep(ExtentReporter.java:115)
	at com.framework.selenium.api.base.SeleniumBase.takeSnap(SeleniumBase.java:935)
	at com.framework.utils.ExtentReporter.reportStep(ExtentReporter.java:82)
	at com.framework.utils.ExtentReporter.reportStep(ExtentReporter.java:115)
	at com.framework.selenium.api.base.SeleniumBase.takeSnap(SeleniumBase.java:935)
	at com.framework.utils.ExtentReporter.reportStep(ExtentReporter.java:82)
	at com.framework.utils.ExtentReporter.reportStep(ExtentReporter.java:115)
	at com.framework.selenium.api.base.SeleniumBase.takeSnap(SeleniumBase.java:935)
	at com.framework.utils.ExtentReporter.reportStep(ExtentReporter.java:82)
	at com.framework.utils.ExtentReporter.reportStep(ExtentReporter.java:115)
	at com.framework.selenium.api.base.SeleniumBase.takeSnap(SeleniumBase.java:935)
	at com.framework.utils.ExtentReporter.reportStep(ExtentReporter.java:82)
	at com.framework.utils.ExtentReporter.reportStep(ExtentReporter.java:115)
	at com.framework.selenium.api.base.SeleniumBase.takeSnap(SeleniumBase.java:935)
	at com.framework.utils.ExtentReporter.reportStep(ExtentReporter.java:82)
	at com.framework.utils.ExtentReporter.reportStep(ExtentReporter.java:115)
	at com.framework.selenium.api.base.SeleniumBase.takeSnap(SeleniumBase.java:935)
	at com.framework.utils.ExtentReporter.reportStep(ExtentReporter.java:82)
	at com.framework.utils.ExtentReporter.reportStep(ExtentReporter.java:115)
	at com.framework.selenium.api.base.SeleniumBase.takeSnap(SeleniumBase.java:935)
	at com.framework.utils.ExtentReporter.reportStep(ExtentReporter.java:82)
	at com.framework.utils.ExtentReporter.reportStep(ExtentReporter.java:115)
	at com.framework.selenium.api.base.SeleniumBase.takeSnap(SeleniumBase.java:935)
	at com.framework.utils.ExtentReporter.reportStep(ExtentReporter.java:82)
	at com.framework.utils.ExtentReporter.reportStep(ExtentReporter.java:115)
	at com.framework.selenium.api.base.SeleniumBase.takeSnap(SeleniumBase.java:935)
	at com.framework.utils.ExtentReporter.reportStep(ExtentReporter.java:82)
	at com.framework.utils.ExtentReporter.reportStep(ExtentReporter.java:115)
	at com.framework.selenium.api.base.SeleniumBase.takeSnap(SeleniumBase.java:935)
	at com.framework.utils.ExtentReporter.reportStep(ExtentReporter.java:82)
	at com.framework.utils.ExtentReporter.reportStep(ExtentReporter.java:115)
	at com.framework.selenium.api.base.SeleniumBase.takeSnap(SeleniumBase.java:935)
	at com.framework.utils.ExtentReporter.reportStep(ExtentReporter.java:82)
	at com.framework.utils.ExtentReporter.reportStep(ExtentReporter.java:115)
	at com.framework.selenium.api.base.SeleniumBase.takeSnap(SeleniumBase.java:935)
	at com.framework.utils.ExtentReporter.reportStep(ExtentReporter.java:82)
	at com.framework.utils.ExtentReporter.reportStep(ExtentReporter.java:115)
	at com.framework.selenium.api.base.SeleniumBase.takeSnap(SeleniumBase.java:935)
	at com.framework.utils.ExtentReporter.reportStep(ExtentReporter.java:82)
	at com.framework.utils.ExtentReporter.reportStep(ExtentReporter.java:115)
	at com.framework.selenium.api.base.SeleniumBase.takeSnap(SeleniumBase.java:935)
	at com.framework.utils.ExtentReporter.reportStep(ExtentReporter.java:82)
	at com.framework.utils.ExtentReporter.reportStep(ExtentReporter.java:115)
	at com.framework.selenium.api.base.SeleniumBase.takeSnap(SeleniumBase.java:935)
	at com.framework.utils.ExtentReporter.reportStep(ExtentReporter.java:82)
	at com.framework.utils.ExtentReporter.reportStep(ExtentReporter.java:115)
	at com.framework.selenium.api.base.SeleniumBase.takeSnap(SeleniumBase.java:935)
	at com.framework.utils.ExtentReporter.reportStep(ExtentReporter.java:82)
	at com.framework.utils.ExtentReporter.reportStep(ExtentReporter.java:115)
	at com.framework.selenium.api.base.SeleniumBase.takeSnap(SeleniumBase.java:935)
	at com.framework.utils.ExtentReporter.reportStep(ExtentReporter.java:82)
	at com.framework.utils.ExtentReporter.reportStep(ExtentReporter.java:115)
	at com.framework.selenium.api.base.SeleniumBase.takeSnap(SeleniumBase.java:935)
	at com.framework.utils.ExtentReporter.reportStep(ExtentReporter.java:82)
	at com.framework.utils.ExtentReporter.reportStep(ExtentReporter.java:115)
	at com.framework.selenium.api.base.SeleniumBase.takeSnap(SeleniumBase.java:935)
	at com.framework.utils.ExtentReporter.reportStep(ExtentReporter.java:82)
	at com.framework.utils.ExtentReporter.reportStep(ExtentReporter.java:115)
	at com.framework.selenium.api.base.SeleniumBase.takeSnap(SeleniumBase.java:935)
	at com.framework.utils.ExtentReporter.reportStep(ExtentReporter.java:82)
	at com.framework.utils.ExtentReporter.reportStep(ExtentReporter.java:115)
	at com.framework.selenium.api.base.SeleniumBase.takeSnap(SeleniumBase.java:935)
	at com.framework.utils.ExtentReporter.reportStep(ExtentReporter.java:82)
	at com.framework.utils.ExtentReporter.reportStep(ExtentReporter.java:115)
	at com.framework.selenium.api.base.SeleniumBase.takeSnap(SeleniumBase.java:935)
	at com.framework.utils.ExtentReporter.reportStep(ExtentReporter.java:82)
	at com.framework.utils.ExtentReporter.reportStep(ExtentReporter.java:115)
	at com.framework.selenium.api.base.SeleniumBase.takeSnap(SeleniumBase.java:935)
	at com.framework.utils.ExtentReporter.reportStep(ExtentReporter.java:82)
	at com.framework.utils.ExtentReporter.reportStep(ExtentReporter.java:115)
	at com.framework.selenium.api.base.SeleniumBase.takeSnap(SeleniumBase.java:935)
	at com.framework.utils.ExtentReporter.reportStep(ExtentReporter.java:82)
	at com.framework.utils.ExtentReporter.reportStep(ExtentReporter.java:115)
	at com.framework.selenium.api.base.SeleniumBase.takeSnap(SeleniumBase.java:935)
	at com.framework.utils.ExtentReporter.reportStep(ExtentReporter.java:82)
	at com.framework.utils.ExtentReporter.reportStep(ExtentReporter.java:115)
	at com.framework.selenium.api.base.SeleniumBase.takeSnap(SeleniumBase.java:935)
	at com.framework.utils.ExtentReporter.reportStep(ExtentReporter.java:82)
	at com.framework.utils.ExtentReporter.reportStep(ExtentReporter.java:115)
	at com.framework.selenium.api.base.SeleniumBase.takeSnap(SeleniumBase.java:935)
	at com.framework.utils.ExtentReporter.reportStep(ExtentReporter.java:82)
	at com.framework.utils.ExtentReporter.reportStep(ExtentReporter.java:115)
	at com.framework.selenium.api.base.SeleniumBase.takeSnap(SeleniumBase.java:935)
	at com.framework.utils.ExtentReporter.reportStep(ExtentReporter.java:82)
	at com.framework.utils.ExtentReporter.reportStep(ExtentReporter.java:115)
	at com.framework.selenium.api.base.SeleniumBase.takeSnap(SeleniumBase.java:935)
	at com.framework.utils.ExtentReporter.reportStep(ExtentReporter.java:82)
	at com.framework.utils.ExtentReporter.reportStep(ExtentReporter.java:115)
	at com.framework.selenium.api.base.SeleniumBase.takeSnap(SeleniumBase.java:935)
	at com.framework.utils.ExtentReporter.reportStep(ExtentReporter.java:82)
	at com.framework.utils.ExtentReporter.reportStep(ExtentReporter.java:115)
	at com.framework.selenium.api.base.SeleniumBase.takeSnap(SeleniumBase.java:935)
	at com.framework.utils.ExtentReporter.reportStep(ExtentReporter.java:82)
	at com.framework.utils.ExtentReporter.reportStep(ExtentReporter.java:115)
	at com.framework.selenium.api.base.SeleniumBase.takeSnap(SeleniumBase.java:935)
	at com.framework.utils.ExtentReporter.reportStep(ExtentReporter.java:82)
	at com.framework.utils.ExtentReporter.reportStep(ExtentReporter.java:115)
	at com.framework.selenium.api.base.SeleniumBase.takeSnap(SeleniumBase.java:935)
	at com.framework.utils.ExtentReporter.reportStep(ExtentReporter.java:82)
	at com.framework.utils.ExtentReporter.reportStep(ExtentReporter.java:115)
	at com.framework.selenium.api.base.SeleniumBase.takeSnap(SeleniumBase.java:935)
	at com.framework.utils.ExtentReporter.reportStep(ExtentReporter.java:82)
	at com.framework.utils.ExtentReporter.reportStep(ExtentReporter.java:115)
	at com.framework.selenium.api.base.SeleniumBase.takeSnap(SeleniumBase.java:935)
	at com.framework.utils.ExtentReporter.reportStep(ExtentReporter.java:82)
	at com.framework.utils.ExtentReporter.reportStep(ExtentReporter.java:115)
	at com.framework.selenium.api.base.SeleniumBase.takeSnap(SeleniumBase.java:935)
	at com.framework.utils.ExtentReporter.reportStep(ExtentReporter.java:82)
	at com.framework.utils.ExtentReporter.reportStep(ExtentReporter.java:115)
	at com.framework.selenium.api.base.SeleniumBase.takeSnap(SeleniumBase.java:935)
	at com.framework.utils.ExtentReporter.reportStep(ExtentReporter.java:82)
	at com.framework.utils.ExtentReporter.reportStep(ExtentReporter.java:115)
	at com.framework.selenium.api.base.SeleniumBase.takeSnap(SeleniumBase.java:935)
	at com.framework.utils.ExtentReporter.reportStep(ExtentReporter.java:82)
	at com.framework.utils.ExtentReporter.reportStep(ExtentReporter.java:115)
	at com.framework.selenium.api.base.SeleniumBase.takeSnap(SeleniumBase.java:935)
	at com.framework.utils.ExtentReporter.reportStep(ExtentReporter.java:82)
	at com.framework.utils.ExtentReporter.reportStep(ExtentReporter.java:115)
	at com.framework.selenium.api.base.SeleniumBase.takeSnap(SeleniumBase.java:935)
	at com.framework.utils.ExtentReporter.reportStep(ExtentReporter.java:82)
	at com.framework.utils.ExtentReporter.reportStep(ExtentReporter.java:115)
	at com.framework.selenium.api.base.SeleniumBase.takeSnap(SeleniumBase.java:935)
	at com.framework.utils.ExtentReporter.reportStep(ExtentReporter.java:82)
	at com.framework.utils.ExtentReporter.reportStep(ExtentReporter.java:115)
	at com.framework.selenium.api.base.SeleniumBase.takeSnap(SeleniumBase.java:935)
	at com.framework.utils.ExtentReporter.reportStep(ExtentReporter.java:82)
	at com.framework.utils.ExtentReporter.reportStep(ExtentReporter.java:115)
	at com.framework.selenium.api.base.SeleniumBase.takeSnap(SeleniumBase.java:935)
	at com.framework.utils.ExtentReporter.reportStep(ExtentReporter.java:82)
	at com.framework.utils.ExtentReporter.reportStep(ExtentReporter.java:115)
	at com.framework.selenium.api.base.SeleniumBase.takeSnap(SeleniumBase.java:935)
	at com.framework.utils.ExtentReporter.reportStep(ExtentReporter.java:82)
	at com.framework.utils.ExtentReporter.reportStep(ExtentReporter.java:115)
	at com.framework.selenium.api.base.SeleniumBase.takeSnap(SeleniumBase.java:935)
	at com.framework.utils.ExtentReporter.reportStep(ExtentReporter.java:82)
	at com.framework.utils.ExtentReporter.reportStep(ExtentReporter.java:115)
	at com.framework.selenium.api.base.SeleniumBase.takeSnap(SeleniumBase.java:935)
	at com.framework.utils.ExtentReporter.reportStep(ExtentReporter.java:82)
	at com.framework.utils.ExtentReporter.reportStep(ExtentReporter.java:115)
	at com.framework.selenium.api.base.SeleniumBase.takeSnap(SeleniumBase.java:935)
	at com.framework.utils.ExtentReporter.reportStep(ExtentReporter.java:82)
	at com.framework.utils.ExtentReporter.reportStep(ExtentReporter.java:115)
	at com.framework.selenium.api.base.SeleniumBase.takeSnap(SeleniumBase.java:935)
	at com.framework.utils.ExtentReporter.reportStep(ExtentReporter.java:82)
	at com.framework.utils.ExtentReporter.reportStep(ExtentReporter.java:115)
	at com.framework.selenium.api.base.SeleniumBase.takeSnap(SeleniumBase.java:935)
	at com.framework.utils.ExtentReporter.reportStep(ExtentReporter.java:82)
	at com.framework.utils.ExtentReporter.reportStep(ExtentReporter.java:115)
]]>
    </error>
  </testcase> <!-- runTests -->
</testsuite> <!-- com.leaftaps.testcases.ReadAndWrite -->
